<?xml version="1.0" encoding="UTF-8"?>
<!-- Generated by org.testng.reporters.JUnitXMLReporter -->
<testsuite hostname="WKWAE4706826" ignored="0" name="Default test" tests="9" failures="9" timestamp="16 Dec 2018 14:27:13 GMT" time="445.603" errors="0">
  <testcase name="Footer_shouldLookGood_onDevice" time="56.062" classname="com.galenframework.java.sample.tests.WelcomePageTest">
    <failure type="com.galenframework.support.LayoutValidationException" message="/specs/footer.spec, tags: [desktop]
  - &amp;quot;footer-stay&amp;quot; height is 138px instead of 141px (/specs/footer.spec:15)
  - &amp;quot;footer-stay&amp;quot; width is 292px instead of 283px (/specs/footer.spec:16)
  - Cannot find locator for &amp;quot;footer&amp;quot; in page spec (/specs/footer.spec:17)
  - Cannot find locator for &amp;quot;footer&amp;quot; in page spec (/specs/footer.spec:18)
  - Cannot find locator for &amp;quot;footer&amp;quot; in page spec (/specs/footer.spec:19)
  - &amp;quot;footer-stay&amp;quot; text is &amp;quot;Stay
in Touch.&amp;quot; but should be &amp;quot;Stay in touch.&amp;quot; (/specs/footer.spec:21)
  - &amp;quot;footer-stay&amp;quot; css property &amp;quot;color&amp;quot; is &amp;quot;rgba(0, 0, 0, 1)&amp;quot; but should be &amp;quot;#000000&amp;quot; (/specs/footer.spec:22)
  - &amp;quot;footer-stay&amp;quot; css property &amp;quot;font-family&amp;quot; is &amp;quot;SFProDisplay, Arial, Tahoma, sans-serif&amp;quot; but should be &amp;quot;SFProDisplay&amp;quot; (/specs/footer.spec:23)
  - &amp;quot;footer-p&amp;quot; text is &amp;quot;Sign Up for Our Newsletter&amp;quot; but should be &amp;quot;Sign up for our Newsletter&amp;quot; (/specs/footer.spec:30)
  - &amp;quot;footer-p&amp;quot; css property &amp;quot;color&amp;quot; is &amp;quot;rgba(65, 64, 66, 1)&amp;quot; but should be &amp;quot;#414042&amp;quot; (/specs/footer.spec:31)
  - &amp;quot;footer-p&amp;quot; css property &amp;quot;font-family&amp;quot; is &amp;quot;SFCompactText, Arial, Tahoma, sans-serif&amp;quot; but should be &amp;quot;SFCompactText&amp;quot; (/specs/footer.spec:32)
  - Cannot find locator for &amp;quot;footer&amp;quot; in page spec (/specs/footer.spec:33)
  - Cannot find locator for &amp;quot;footer&amp;quot; in page spec (/specs/footer.spec:34)
  - Cannot find locator for &amp;quot;footer&amp;quot; in page spec (/specs/footer.spec:35)
  - &amp;quot;footer-email&amp;quot; is absent on page (/specs/footer.spec:39)
  - &amp;quot;footer-email&amp;quot; is absent on page (/specs/footer.spec:40)
  - &amp;quot;footer-email&amp;quot; is absent on page (/specs/footer.spec:41)
  - &amp;quot;footer-email&amp;quot; is absent on page (/specs/footer.spec:42)
  - &amp;quot;footer-email&amp;quot; is absent on page (/specs/footer.spec:43)
  - &amp;quot;footer-email&amp;quot; is absent on page (/specs/footer.spec:44)
  - &amp;quot;footer-drp&amp;quot; width is 283px instead of 303px (/specs/footer.spec:47)
  - &amp;quot;footer-drp&amp;quot; css property &amp;quot;color&amp;quot; is &amp;quot;rgba(0, 0, 0, 0.15)&amp;quot; but should be &amp;quot;#000000&amp;quot; (/specs/footer.spec:49)
  - &amp;quot;footer-drp&amp;quot; css property &amp;quot;font-family&amp;quot; is &amp;quot;SFProDisplay, Arial, Tahoma, sans-serif&amp;quot; but should be &amp;quot;SFProDisplay&amp;quot; (/specs/footer.spec:50)
  - &amp;quot;footer-drp&amp;quot; css property &amp;quot;background-color&amp;quot; is &amp;quot;rgba(0, 0, 0, 0)&amp;quot; but should be &amp;quot;white&amp;quot; (/specs/footer.spec:51)
  - &amp;quot;footer-button&amp;quot; is absent on page (/specs/footer.spec:54)
  - &amp;quot;footer-button&amp;quot; is absent on page (/specs/footer.spec:55)
  - &amp;quot;footer-h3-1&amp;quot; height is 26px instead of 22px (/specs/footer.spec:104)
  - &amp;quot;footer-h3-1&amp;quot; width is 48px instead of 91px (/specs/footer.spec:105)
  - &amp;quot;footer-h3-2&amp;quot; height is 26px instead of 22px (/specs/footer.spec:108)
  - &amp;quot;footer-h3-2&amp;quot; width is 66px instead of 73px (/specs/footer.spec:109)
  - &amp;quot;footer-h3-3&amp;quot; height is 26px instead of 22px (/specs/footer.spec:112)
  - &amp;quot;footer-h3-4&amp;quot; height is 26px instead of 22px (/specs/footer.spec:116)
  - &amp;quot;footer-h3-4&amp;quot; width is 73px instead of 74px (/specs/footer.spec:117)
  - &amp;quot;footer-h3-5&amp;quot; height is 26px instead of 22px (/specs/footer.spec:120)
  - &amp;quot;footer-list-1&amp;quot; height is 21px instead of 14px (/specs/footer.spec:126)
  - &amp;quot;footer-list-1&amp;quot; width is 184px instead of 118px (/specs/footer.spec:127)
  - &amp;quot;footer-list-1&amp;quot; is -45px bottom instead of 10px (/specs/footer.spec:128)
  - &amp;quot;footer-list-2&amp;quot; is not aligned horizontally all with &amp;quot;footer-list-1&amp;quot;. Offset is 24px (/specs/footer.spec:129)
  - &amp;quot;footer-list-2&amp;quot; height is 21px instead of 14px (/specs/footer.spec:132)
  - &amp;quot;footer-list-2&amp;quot; width is 184px instead of 64px (/specs/footer.spec:133)
  - &amp;quot;footer-list-2&amp;quot; is -21px bottom instead of 10px (/specs/footer.spec:134)
  - &amp;quot;footer-list-3&amp;quot; is not aligned horizontally all with &amp;quot;footer-list-2&amp;quot;. Offset is 24px (/specs/footer.spec:135)
">
      <![CDATA[com.galenframework.support.LayoutValidationException: /specs/footer.spec, tags: [desktop]
  - "footer-stay" height is 138px instead of 141px (/specs/footer.spec:15)
  - "footer-stay" width is 292px instead of 283px (/specs/footer.spec:16)
  - Cannot find locator for "footer" in page spec (/specs/footer.spec:17)
  - Cannot find locator for "footer" in page spec (/specs/footer.spec:18)
  - Cannot find locator for "footer" in page spec (/specs/footer.spec:19)
  - "footer-stay" text is "Stay
in Touch." but should be "Stay in touch." (/specs/footer.spec:21)
  - "footer-stay" css property "color" is "rgba(0, 0, 0, 1)" but should be "#000000" (/specs/footer.spec:22)
  - "footer-stay" css property "font-family" is "SFProDisplay, Arial, Tahoma, sans-serif" but should be "SFProDisplay" (/specs/footer.spec:23)
  - "footer-p" text is "Sign Up for Our Newsletter" but should be "Sign up for our Newsletter" (/specs/footer.spec:30)
  - "footer-p" css property "color" is "rgba(65, 64, 66, 1)" but should be "#414042" (/specs/footer.spec:31)
  - "footer-p" css property "font-family" is "SFCompactText, Arial, Tahoma, sans-serif" but should be "SFCompactText" (/specs/footer.spec:32)
  - Cannot find locator for "footer" in page spec (/specs/footer.spec:33)
  - Cannot find locator for "footer" in page spec (/specs/footer.spec:34)
  - Cannot find locator for "footer" in page spec (/specs/footer.spec:35)
  - "footer-email" is absent on page (/specs/footer.spec:39)
  - "footer-email" is absent on page (/specs/footer.spec:40)
  - "footer-email" is absent on page (/specs/footer.spec:41)
  - "footer-email" is absent on page (/specs/footer.spec:42)
  - "footer-email" is absent on page (/specs/footer.spec:43)
  - "footer-email" is absent on page (/specs/footer.spec:44)
  - "footer-drp" width is 283px instead of 303px (/specs/footer.spec:47)
  - "footer-drp" css property "color" is "rgba(0, 0, 0, 0.15)" but should be "#000000" (/specs/footer.spec:49)
  - "footer-drp" css property "font-family" is "SFProDisplay, Arial, Tahoma, sans-serif" but should be "SFProDisplay" (/specs/footer.spec:50)
  - "footer-drp" css property "background-color" is "rgba(0, 0, 0, 0)" but should be "white" (/specs/footer.spec:51)
  - "footer-button" is absent on page (/specs/footer.spec:54)
  - "footer-button" is absent on page (/specs/footer.spec:55)
  - "footer-h3-1" height is 26px instead of 22px (/specs/footer.spec:104)
  - "footer-h3-1" width is 48px instead of 91px (/specs/footer.spec:105)
  - "footer-h3-2" height is 26px instead of 22px (/specs/footer.spec:108)
  - "footer-h3-2" width is 66px instead of 73px (/specs/footer.spec:109)
  - "footer-h3-3" height is 26px instead of 22px (/specs/footer.spec:112)
  - "footer-h3-4" height is 26px instead of 22px (/specs/footer.spec:116)
  - "footer-h3-4" width is 73px instead of 74px (/specs/footer.spec:117)
  - "footer-h3-5" height is 26px instead of 22px (/specs/footer.spec:120)
  - "footer-list-1" height is 21px instead of 14px (/specs/footer.spec:126)
  - "footer-list-1" width is 184px instead of 118px (/specs/footer.spec:127)
  - "footer-list-1" is -45px bottom instead of 10px (/specs/footer.spec:128)
  - "footer-list-2" is not aligned horizontally all with "footer-list-1". Offset is 24px (/specs/footer.spec:129)
  - "footer-list-2" height is 21px instead of 14px (/specs/footer.spec:132)
  - "footer-list-2" width is 184px instead of 64px (/specs/footer.spec:133)
  - "footer-list-2" is -21px bottom instead of 10px (/specs/footer.spec:134)
  - "footer-list-3" is not aligned horizontally all with "footer-list-2". Offset is 24px (/specs/footer.spec:135)

at com.galenframework.support.GalenJavaTestBase.checkLayout(GalenJavaTestBase.java:129)
at com.galenframework.support.GalenJavaTestBase.checkLayout(GalenJavaTestBase.java:111)
at com.galenframework.java.sample.tests.WelcomePageTest.Footer_shouldLookGood_onDevice(WelcomePageTest.java:186)
at sun.reflect.NativeMethodAccessorImpl.invoke0(Native Method)
at sun.reflect.NativeMethodAccessorImpl.invoke(Unknown Source)
at sun.reflect.DelegatingMethodAccessorImpl.invoke(Unknown Source)
at java.lang.reflect.Method.invoke(Unknown Source)
at org.testng.internal.MethodInvocationHelper.invokeMethod(MethodInvocationHelper.java:124)
at org.testng.internal.Invoker.invokeMethod(Invoker.java:583)
at org.testng.internal.Invoker.invokeTestMethod(Invoker.java:719)
at org.testng.internal.Invoker.invokeTestMethods(Invoker.java:989)
at org.testng.internal.TestMethodWorker.invokeTestMethods(TestMethodWorker.java:125)
at org.testng.internal.TestMethodWorker.run(TestMethodWorker.java:109)
at org.testng.TestRunner.privateRun(TestRunner.java:648)
at org.testng.TestRunner.run(TestRunner.java:505)
at org.testng.SuiteRunner.runTest(SuiteRunner.java:455)
at org.testng.SuiteRunner.runSequentially(SuiteRunner.java:450)
at org.testng.SuiteRunner.privateRun(SuiteRunner.java:415)
at org.testng.SuiteRunner.run(SuiteRunner.java:364)
at org.testng.SuiteRunnerWorker.runSuite(SuiteRunnerWorker.java:52)
at org.testng.SuiteRunnerWorker.run(SuiteRunnerWorker.java:84)
at org.testng.TestNG.runSuitesSequentially(TestNG.java:1208)
at org.testng.TestNG.runSuitesLocally(TestNG.java:1137)
at org.testng.TestNG.runSuites(TestNG.java:1049)
at org.testng.TestNG.run(TestNG.java:1017)
at org.testng.remote.AbstractRemoteTestNG.run(AbstractRemoteTestNG.java:114)
at org.testng.remote.RemoteTestNG.initAndRun(RemoteTestNG.java:251)
at org.testng.remote.RemoteTestNG.main(RemoteTestNG.java:77)
]]>
    </failure>
  </testcase> <!-- Footer_shouldLookGood_onDevice -->
  <testcase name="slider1_shouldLookGood_onDevice" time="37.876" classname="com.galenframework.java.sample.tests.WelcomePageTest">
    <failure type="com.galenframework.support.LayoutValidationException" message="/specs/slider1.spec, tags: [desktop]
  - &amp;quot;inspired&amp;quot; height is 138px instead of 141px (/specs/slider1.spec:11)
  - &amp;quot;inspired&amp;quot; width is 426px instead of 427px (/specs/slider1.spec:12)
  - &amp;quot;inspired&amp;quot; css property &amp;quot;font-family&amp;quot; is &amp;quot;SFProDisplay, Arial, Tahoma, sans-serif&amp;quot; but should be &amp;quot;SFProDisplay&amp;quot; (/specs/slider1.spec:13)
  - &amp;quot;inspired&amp;quot; text is &amp;quot;Inspired
Workspaces.&amp;quot; but should be &amp;quot;Inspired Workspaces.&amp;quot; (/specs/slider1.spec:14)
  - &amp;quot;setuplink&amp;quot; height is 28px instead of 22px (/specs/slider1.spec:27)
  - &amp;quot;setuplink&amp;quot; width is 181px instead of 183px (/specs/slider1.spec:28)
">
      <![CDATA[com.galenframework.support.LayoutValidationException: /specs/slider1.spec, tags: [desktop]
  - "inspired" height is 138px instead of 141px (/specs/slider1.spec:11)
  - "inspired" width is 426px instead of 427px (/specs/slider1.spec:12)
  - "inspired" css property "font-family" is "SFProDisplay, Arial, Tahoma, sans-serif" but should be "SFProDisplay" (/specs/slider1.spec:13)
  - "inspired" text is "Inspired
Workspaces." but should be "Inspired Workspaces." (/specs/slider1.spec:14)
  - "setuplink" height is 28px instead of 22px (/specs/slider1.spec:27)
  - "setuplink" width is 181px instead of 183px (/specs/slider1.spec:28)

at com.galenframework.support.GalenJavaTestBase.checkLayout(GalenJavaTestBase.java:129)
at com.galenframework.support.GalenJavaTestBase.checkLayout(GalenJavaTestBase.java:111)
at com.galenframework.java.sample.tests.WelcomePageTest.slider1_shouldLookGood_onDevice(WelcomePageTest.java:53)
at sun.reflect.NativeMethodAccessorImpl.invoke0(Native Method)
at sun.reflect.NativeMethodAccessorImpl.invoke(Unknown Source)
at sun.reflect.DelegatingMethodAccessorImpl.invoke(Unknown Source)
at java.lang.reflect.Method.invoke(Unknown Source)
at org.testng.internal.MethodInvocationHelper.invokeMethod(MethodInvocationHelper.java:124)
at org.testng.internal.Invoker.invokeMethod(Invoker.java:583)
at org.testng.internal.Invoker.invokeTestMethod(Invoker.java:719)
at org.testng.internal.Invoker.invokeTestMethods(Invoker.java:989)
at org.testng.internal.TestMethodWorker.invokeTestMethods(TestMethodWorker.java:125)
at org.testng.internal.TestMethodWorker.run(TestMethodWorker.java:109)
at org.testng.TestRunner.privateRun(TestRunner.java:648)
at org.testng.TestRunner.run(TestRunner.java:505)
at org.testng.SuiteRunner.runTest(SuiteRunner.java:455)
at org.testng.SuiteRunner.runSequentially(SuiteRunner.java:450)
at org.testng.SuiteRunner.privateRun(SuiteRunner.java:415)
at org.testng.SuiteRunner.run(SuiteRunner.java:364)
at org.testng.SuiteRunnerWorker.runSuite(SuiteRunnerWorker.java:52)
at org.testng.SuiteRunnerWorker.run(SuiteRunnerWorker.java:84)
at org.testng.TestNG.runSuitesSequentially(TestNG.java:1208)
at org.testng.TestNG.runSuitesLocally(TestNG.java:1137)
at org.testng.TestNG.runSuites(TestNG.java:1049)
at org.testng.TestNG.run(TestNG.java:1017)
at org.testng.remote.AbstractRemoteTestNG.run(AbstractRemoteTestNG.java:114)
at org.testng.remote.RemoteTestNG.initAndRun(RemoteTestNG.java:251)
at org.testng.remote.RemoteTestNG.main(RemoteTestNG.java:77)
]]>
    </failure>
  </testcase> <!-- slider1_shouldLookGood_onDevice -->
  <testcase name="slider2_shouldLookGood_onDevice" time="34.092" classname="com.galenframework.java.sample.tests.WelcomePageTest">
    <failure type="com.galenframework.support.LayoutValidationException" message="/specs/slider2.spec, tags: [desktop]
  - &amp;quot;s2head-1&amp;quot; height is 69px instead of 86px (/specs/slider2.spec:9)
  - &amp;quot;s2head-1&amp;quot; width is 183px instead of 80px (/specs/slider2.spec:10)
  - &amp;quot;s2head-1&amp;quot; is 6px above &amp;quot;s2head-2&amp;quot; which is not in range of 0 to 5px (/specs/slider2.spec:12)
  - &amp;quot;s2head-2&amp;quot; width is 183px instead of 153px (/specs/slider2.spec:16)
  - &amp;quot;s2head-2&amp;quot; is 78px above &amp;quot;s2head-3&amp;quot; which is not in range of 10 to 77px (/specs/slider2.spec:18)
  - &amp;quot;s2head-3&amp;quot; height is 69px instead of 70px (/specs/slider2.spec:21)
  - &amp;quot;s2head-3&amp;quot; width is 183px instead of 138px (/specs/slider2.spec:22)
  - &amp;quot;s2head-3&amp;quot; is 6px above &amp;quot;s2head-4&amp;quot; which is not in range of 0 to 5px (/specs/slider2.spec:24)
  - &amp;quot;s2head-4&amp;quot; is 78px above &amp;quot;s2head-5&amp;quot; which is not in range of 10 to 77px (/specs/slider2.spec:30)
  - &amp;quot;s2head-5&amp;quot; height is 69px instead of 70px (/specs/slider2.spec:33)
  - &amp;quot;s2head-5&amp;quot; width is 183px instead of 80px (/specs/slider2.spec:34)
  - &amp;quot;s2head-6&amp;quot; height is 32px instead of 33px (/specs/slider2.spec:39)
  - &amp;quot;s2head-6&amp;quot; width is 183px instead of 157px (/specs/slider2.spec:40)
  - &amp;quot;s2mainh2&amp;quot; height is 138px instead of 141px (/specs/slider2.spec:44)
  - &amp;quot;s2mainh2&amp;quot; width is 250px instead of 427px (/specs/slider2.spec:45)
  - &amp;quot;s2mainh2&amp;quot; is 32px above &amp;quot;s2mainp&amp;quot; which is not in range of 10 to 30px (/specs/slider2.spec:47)
">
      <![CDATA[com.galenframework.support.LayoutValidationException: /specs/slider2.spec, tags: [desktop]
  - "s2head-1" height is 69px instead of 86px (/specs/slider2.spec:9)
  - "s2head-1" width is 183px instead of 80px (/specs/slider2.spec:10)
  - "s2head-1" is 6px above "s2head-2" which is not in range of 0 to 5px (/specs/slider2.spec:12)
  - "s2head-2" width is 183px instead of 153px (/specs/slider2.spec:16)
  - "s2head-2" is 78px above "s2head-3" which is not in range of 10 to 77px (/specs/slider2.spec:18)
  - "s2head-3" height is 69px instead of 70px (/specs/slider2.spec:21)
  - "s2head-3" width is 183px instead of 138px (/specs/slider2.spec:22)
  - "s2head-3" is 6px above "s2head-4" which is not in range of 0 to 5px (/specs/slider2.spec:24)
  - "s2head-4" is 78px above "s2head-5" which is not in range of 10 to 77px (/specs/slider2.spec:30)
  - "s2head-5" height is 69px instead of 70px (/specs/slider2.spec:33)
  - "s2head-5" width is 183px instead of 80px (/specs/slider2.spec:34)
  - "s2head-6" height is 32px instead of 33px (/specs/slider2.spec:39)
  - "s2head-6" width is 183px instead of 157px (/specs/slider2.spec:40)
  - "s2mainh2" height is 138px instead of 141px (/specs/slider2.spec:44)
  - "s2mainh2" width is 250px instead of 427px (/specs/slider2.spec:45)
  - "s2mainh2" is 32px above "s2mainp" which is not in range of 10 to 30px (/specs/slider2.spec:47)

at com.galenframework.support.GalenJavaTestBase.checkLayout(GalenJavaTestBase.java:129)
at com.galenframework.support.GalenJavaTestBase.checkLayout(GalenJavaTestBase.java:111)
at com.galenframework.java.sample.tests.WelcomePageTest.slider2_shouldLookGood_onDevice(WelcomePageTest.java:74)
at sun.reflect.NativeMethodAccessorImpl.invoke0(Native Method)
at sun.reflect.NativeMethodAccessorImpl.invoke(Unknown Source)
at sun.reflect.DelegatingMethodAccessorImpl.invoke(Unknown Source)
at java.lang.reflect.Method.invoke(Unknown Source)
at org.testng.internal.MethodInvocationHelper.invokeMethod(MethodInvocationHelper.java:124)
at org.testng.internal.Invoker.invokeMethod(Invoker.java:583)
at org.testng.internal.Invoker.invokeTestMethod(Invoker.java:719)
at org.testng.internal.Invoker.invokeTestMethods(Invoker.java:989)
at org.testng.internal.TestMethodWorker.invokeTestMethods(TestMethodWorker.java:125)
at org.testng.internal.TestMethodWorker.run(TestMethodWorker.java:109)
at org.testng.TestRunner.privateRun(TestRunner.java:648)
at org.testng.TestRunner.run(TestRunner.java:505)
at org.testng.SuiteRunner.runTest(SuiteRunner.java:455)
at org.testng.SuiteRunner.runSequentially(SuiteRunner.java:450)
at org.testng.SuiteRunner.privateRun(SuiteRunner.java:415)
at org.testng.SuiteRunner.run(SuiteRunner.java:364)
at org.testng.SuiteRunnerWorker.runSuite(SuiteRunnerWorker.java:52)
at org.testng.SuiteRunnerWorker.run(SuiteRunnerWorker.java:84)
at org.testng.TestNG.runSuitesSequentially(TestNG.java:1208)
at org.testng.TestNG.runSuitesLocally(TestNG.java:1137)
at org.testng.TestNG.runSuites(TestNG.java:1049)
at org.testng.TestNG.run(TestNG.java:1017)
at org.testng.remote.AbstractRemoteTestNG.run(AbstractRemoteTestNG.java:114)
at org.testng.remote.RemoteTestNG.initAndRun(RemoteTestNG.java:251)
at org.testng.remote.RemoteTestNG.main(RemoteTestNG.java:77)
]]>
    </failure>
  </testcase> <!-- slider2_shouldLookGood_onDevice -->
  <testcase name="slider3_shouldLookGood_onDevice" time="35.243" classname="com.galenframework.java.sample.tests.WelcomePageTest">
    <failure type="com.galenframework.support.LayoutValidationException" message="/specs/slider3.spec, tags: [desktop]
  - &amp;quot;s3titleh2&amp;quot; height is 138px instead of 141px (/specs/slider3.spec:15)
  - &amp;quot;s3titleh2&amp;quot; width is 266px instead of 250px (/specs/slider3.spec:16)
  - &amp;quot;s3titleh2&amp;quot; is 24px above &amp;quot;s3titlep&amp;quot; which is not in range of 0 to 20px (/specs/slider3.spec:18)
  - Cannot find locator for &amp;quot;s2titleh2-3&amp;quot; in page spec (/specs/slider3.spec:23)
  - Cannot find locator for &amp;quot;filterspan&amp;quot; in page spec (/specs/slider3.spec:24)
  - &amp;quot;filterspan-1&amp;quot; height is 24px instead of 22px (/specs/slider3.spec:29)
  - &amp;quot;filterspan-2&amp;quot; height is 24px instead of 22px (/specs/slider3.spec:33)
  - &amp;quot;filterspan-2&amp;quot; width is 75px instead of 76px (/specs/slider3.spec:34)
  - &amp;quot;filterspan-3&amp;quot; height is 24px instead of 22px (/specs/slider3.spec:37)
  - &amp;quot;ann&amp;quot; height is 25px instead of 16px (/specs/slider3.spec:43)
  - &amp;quot;ann&amp;quot; width is 112px instead of 96px (/specs/slider3.spec:44)
  - &amp;quot;celebrate&amp;quot; width is 400px instead of 200px (/specs/slider3.spec:48)
  - &amp;quot;celediv&amp;quot; height is 34px instead of 36px (/specs/slider3.spec:51)
  - &amp;quot;date-1&amp;quot; width is 52px instead of 54px (/specs/slider3.spec:58)
  - &amp;quot;date-2&amp;quot; width is 52px instead of 54px (/specs/slider3.spec:62)
  - &amp;quot;dic&amp;quot; height is 20px instead of 21px (/specs/slider3.spec:67)
  - &amp;quot;dic&amp;quot; width is 300px instead of 108px (/specs/slider3.spec:68)
  - &amp;quot;allann&amp;quot; is not visible on page (/specs/slider3.spec:73)
  - &amp;quot;allann&amp;quot; is not visible on page (/specs/slider3.spec:74)
">
      <![CDATA[com.galenframework.support.LayoutValidationException: /specs/slider3.spec, tags: [desktop]
  - "s3titleh2" height is 138px instead of 141px (/specs/slider3.spec:15)
  - "s3titleh2" width is 266px instead of 250px (/specs/slider3.spec:16)
  - "s3titleh2" is 24px above "s3titlep" which is not in range of 0 to 20px (/specs/slider3.spec:18)
  - Cannot find locator for "s2titleh2-3" in page spec (/specs/slider3.spec:23)
  - Cannot find locator for "filterspan" in page spec (/specs/slider3.spec:24)
  - "filterspan-1" height is 24px instead of 22px (/specs/slider3.spec:29)
  - "filterspan-2" height is 24px instead of 22px (/specs/slider3.spec:33)
  - "filterspan-2" width is 75px instead of 76px (/specs/slider3.spec:34)
  - "filterspan-3" height is 24px instead of 22px (/specs/slider3.spec:37)
  - "ann" height is 25px instead of 16px (/specs/slider3.spec:43)
  - "ann" width is 112px instead of 96px (/specs/slider3.spec:44)
  - "celebrate" width is 400px instead of 200px (/specs/slider3.spec:48)
  - "celediv" height is 34px instead of 36px (/specs/slider3.spec:51)
  - "date-1" width is 52px instead of 54px (/specs/slider3.spec:58)
  - "date-2" width is 52px instead of 54px (/specs/slider3.spec:62)
  - "dic" height is 20px instead of 21px (/specs/slider3.spec:67)
  - "dic" width is 300px instead of 108px (/specs/slider3.spec:68)
  - "allann" is not visible on page (/specs/slider3.spec:73)
  - "allann" is not visible on page (/specs/slider3.spec:74)

at com.galenframework.support.GalenJavaTestBase.checkLayout(GalenJavaTestBase.java:129)
at com.galenframework.support.GalenJavaTestBase.checkLayout(GalenJavaTestBase.java:111)
at com.galenframework.java.sample.tests.WelcomePageTest.slider3_shouldLookGood_onDevice(WelcomePageTest.java:95)
at sun.reflect.NativeMethodAccessorImpl.invoke0(Native Method)
at sun.reflect.NativeMethodAccessorImpl.invoke(Unknown Source)
at sun.reflect.DelegatingMethodAccessorImpl.invoke(Unknown Source)
at java.lang.reflect.Method.invoke(Unknown Source)
at org.testng.internal.MethodInvocationHelper.invokeMethod(MethodInvocationHelper.java:124)
at org.testng.internal.Invoker.invokeMethod(Invoker.java:583)
at org.testng.internal.Invoker.invokeTestMethod(Invoker.java:719)
at org.testng.internal.Invoker.invokeTestMethods(Invoker.java:989)
at org.testng.internal.TestMethodWorker.invokeTestMethods(TestMethodWorker.java:125)
at org.testng.internal.TestMethodWorker.run(TestMethodWorker.java:109)
at org.testng.TestRunner.privateRun(TestRunner.java:648)
at org.testng.TestRunner.run(TestRunner.java:505)
at org.testng.SuiteRunner.runTest(SuiteRunner.java:455)
at org.testng.SuiteRunner.runSequentially(SuiteRunner.java:450)
at org.testng.SuiteRunner.privateRun(SuiteRunner.java:415)
at org.testng.SuiteRunner.run(SuiteRunner.java:364)
at org.testng.SuiteRunnerWorker.runSuite(SuiteRunnerWorker.java:52)
at org.testng.SuiteRunnerWorker.run(SuiteRunnerWorker.java:84)
at org.testng.TestNG.runSuitesSequentially(TestNG.java:1208)
at org.testng.TestNG.runSuitesLocally(TestNG.java:1137)
at org.testng.TestNG.runSuites(TestNG.java:1049)
at org.testng.TestNG.run(TestNG.java:1017)
at org.testng.remote.AbstractRemoteTestNG.run(AbstractRemoteTestNG.java:114)
at org.testng.remote.RemoteTestNG.initAndRun(RemoteTestNG.java:251)
at org.testng.remote.RemoteTestNG.main(RemoteTestNG.java:77)
]]>
    </failure>
  </testcase> <!-- slider3_shouldLookGood_onDevice -->
  <testcase name="slider4_shouldLookGood_onDevice" time="38.685" classname="com.galenframework.java.sample.tests.WelcomePageTest">
    <failure type="com.galenframework.support.LayoutValidationException" message="/specs/slider4.spec, tags: [desktop]
  - &amp;quot;s4titleh2-1&amp;quot; height is 72px instead of 70px (/specs/slider4.spec:13)
  - &amp;quot;s4titleh2-2&amp;quot; height is 72px instead of 70px (/specs/slider4.spec:20)
  - &amp;quot;s4titleh2-2&amp;quot; is 32px top instead of 30px (/specs/slider4.spec:23)
  - &amp;quot;office-2&amp;quot; width is 438px instead of 85px (/specs/slider4.spec:33)
  - &amp;quot;Retail-2&amp;quot; is not visible on page (/specs/slider4.spec:37)
  - &amp;quot;Retail-2&amp;quot; is not visible on page (/specs/slider4.spec:38)
  - &amp;quot;Retail-2&amp;quot; is not visible on page (/specs/slider4.spec:39)
  - &amp;quot;ware-2&amp;quot; width is 438px instead of 85px (/specs/slider4.spec:43)
">
      <![CDATA[com.galenframework.support.LayoutValidationException: /specs/slider4.spec, tags: [desktop]
  - "s4titleh2-1" height is 72px instead of 70px (/specs/slider4.spec:13)
  - "s4titleh2-2" height is 72px instead of 70px (/specs/slider4.spec:20)
  - "s4titleh2-2" is 32px top instead of 30px (/specs/slider4.spec:23)
  - "office-2" width is 438px instead of 85px (/specs/slider4.spec:33)
  - "Retail-2" is not visible on page (/specs/slider4.spec:37)
  - "Retail-2" is not visible on page (/specs/slider4.spec:38)
  - "Retail-2" is not visible on page (/specs/slider4.spec:39)
  - "ware-2" width is 438px instead of 85px (/specs/slider4.spec:43)

at com.galenframework.support.GalenJavaTestBase.checkLayout(GalenJavaTestBase.java:129)
at com.galenframework.support.GalenJavaTestBase.checkLayout(GalenJavaTestBase.java:111)
at com.galenframework.java.sample.tests.WelcomePageTest.slider4_shouldLookGood_onDevice(WelcomePageTest.java:114)
at sun.reflect.NativeMethodAccessorImpl.invoke0(Native Method)
at sun.reflect.NativeMethodAccessorImpl.invoke(Unknown Source)
at sun.reflect.DelegatingMethodAccessorImpl.invoke(Unknown Source)
at java.lang.reflect.Method.invoke(Unknown Source)
at org.testng.internal.MethodInvocationHelper.invokeMethod(MethodInvocationHelper.java:124)
at org.testng.internal.Invoker.invokeMethod(Invoker.java:583)
at org.testng.internal.Invoker.invokeTestMethod(Invoker.java:719)
at org.testng.internal.Invoker.invokeTestMethods(Invoker.java:989)
at org.testng.internal.TestMethodWorker.invokeTestMethods(TestMethodWorker.java:125)
at org.testng.internal.TestMethodWorker.run(TestMethodWorker.java:109)
at org.testng.TestRunner.privateRun(TestRunner.java:648)
at org.testng.TestRunner.run(TestRunner.java:505)
at org.testng.SuiteRunner.runTest(SuiteRunner.java:455)
at org.testng.SuiteRunner.runSequentially(SuiteRunner.java:450)
at org.testng.SuiteRunner.privateRun(SuiteRunner.java:415)
at org.testng.SuiteRunner.run(SuiteRunner.java:364)
at org.testng.SuiteRunnerWorker.runSuite(SuiteRunnerWorker.java:52)
at org.testng.SuiteRunnerWorker.run(SuiteRunnerWorker.java:84)
at org.testng.TestNG.runSuitesSequentially(TestNG.java:1208)
at org.testng.TestNG.runSuitesLocally(TestNG.java:1137)
at org.testng.TestNG.runSuites(TestNG.java:1049)
at org.testng.TestNG.run(TestNG.java:1017)
at org.testng.remote.AbstractRemoteTestNG.run(AbstractRemoteTestNG.java:114)
at org.testng.remote.RemoteTestNG.initAndRun(RemoteTestNG.java:251)
at org.testng.remote.RemoteTestNG.main(RemoteTestNG.java:77)
]]>
    </failure>
  </testcase> <!-- slider4_shouldLookGood_onDevice -->
  <testcase name="slider5_shouldLookGood_onDevice" time="35.42" classname="com.galenframework.java.sample.tests.WelcomePageTest">
    <failure type="com.galenframework.support.LayoutValidationException" message="/specs/slider5.spec, tags: [desktop]
  - &amp;quot;s5titleh2&amp;quot; height is 138px instead of 141px (/specs/slider5.spec:11)
  - &amp;quot;s5titleh2&amp;quot; is 33px top instead of 30px and -218px left instead of 80px (/specs/slider5.spec:14)
  - &amp;quot;s5titlep-1&amp;quot; height is 156px instead of 158px (/specs/slider5.spec:17)
  - &amp;quot;s5titlep-1&amp;quot; is 19px top instead of 20px (/specs/slider5.spec:20)
  - &amp;quot;author&amp;quot; height is 25px instead of 16px (/specs/slider5.spec:23)
  - &amp;quot;author&amp;quot; width is 60px instead of 62px (/specs/slider5.spec:24)
  - &amp;quot;author&amp;quot; is 10px top which is not in range of 15 to 19px (/specs/slider5.spec:26)
  - &amp;quot;s5titlep-2&amp;quot; height is 16px instead of 22px (/specs/slider5.spec:29)
  - &amp;quot;s5titlep-2&amp;quot; width is 185px instead of 184px (/specs/slider5.spec:30)
  - &amp;quot;img&amp;quot; is 265px right instead of 266px (/specs/slider5.spec:36)
  - &amp;quot;aview&amp;quot; is not visible on page (/specs/slider5.spec:39)
  - &amp;quot;aview&amp;quot; is not visible on page (/specs/slider5.spec:40)
">
      <![CDATA[com.galenframework.support.LayoutValidationException: /specs/slider5.spec, tags: [desktop]
  - "s5titleh2" height is 138px instead of 141px (/specs/slider5.spec:11)
  - "s5titleh2" is 33px top instead of 30px and -218px left instead of 80px (/specs/slider5.spec:14)
  - "s5titlep-1" height is 156px instead of 158px (/specs/slider5.spec:17)
  - "s5titlep-1" is 19px top instead of 20px (/specs/slider5.spec:20)
  - "author" height is 25px instead of 16px (/specs/slider5.spec:23)
  - "author" width is 60px instead of 62px (/specs/slider5.spec:24)
  - "author" is 10px top which is not in range of 15 to 19px (/specs/slider5.spec:26)
  - "s5titlep-2" height is 16px instead of 22px (/specs/slider5.spec:29)
  - "s5titlep-2" width is 185px instead of 184px (/specs/slider5.spec:30)
  - "img" is 265px right instead of 266px (/specs/slider5.spec:36)
  - "aview" is not visible on page (/specs/slider5.spec:39)
  - "aview" is not visible on page (/specs/slider5.spec:40)

at com.galenframework.support.GalenJavaTestBase.checkLayout(GalenJavaTestBase.java:129)
at com.galenframework.support.GalenJavaTestBase.checkLayout(GalenJavaTestBase.java:111)
at com.galenframework.java.sample.tests.WelcomePageTest.slider5_shouldLookGood_onDevice(WelcomePageTest.java:132)
at sun.reflect.NativeMethodAccessorImpl.invoke0(Native Method)
at sun.reflect.NativeMethodAccessorImpl.invoke(Unknown Source)
at sun.reflect.DelegatingMethodAccessorImpl.invoke(Unknown Source)
at java.lang.reflect.Method.invoke(Unknown Source)
at org.testng.internal.MethodInvocationHelper.invokeMethod(MethodInvocationHelper.java:124)
at org.testng.internal.Invoker.invokeMethod(Invoker.java:583)
at org.testng.internal.Invoker.invokeTestMethod(Invoker.java:719)
at org.testng.internal.Invoker.invokeTestMethods(Invoker.java:989)
at org.testng.internal.TestMethodWorker.invokeTestMethods(TestMethodWorker.java:125)
at org.testng.internal.TestMethodWorker.run(TestMethodWorker.java:109)
at org.testng.TestRunner.privateRun(TestRunner.java:648)
at org.testng.TestRunner.run(TestRunner.java:505)
at org.testng.SuiteRunner.runTest(SuiteRunner.java:455)
at org.testng.SuiteRunner.runSequentially(SuiteRunner.java:450)
at org.testng.SuiteRunner.privateRun(SuiteRunner.java:415)
at org.testng.SuiteRunner.run(SuiteRunner.java:364)
at org.testng.SuiteRunnerWorker.runSuite(SuiteRunnerWorker.java:52)
at org.testng.SuiteRunnerWorker.run(SuiteRunnerWorker.java:84)
at org.testng.TestNG.runSuitesSequentially(TestNG.java:1208)
at org.testng.TestNG.runSuitesLocally(TestNG.java:1137)
at org.testng.TestNG.runSuites(TestNG.java:1049)
at org.testng.TestNG.run(TestNG.java:1017)
at org.testng.remote.AbstractRemoteTestNG.run(AbstractRemoteTestNG.java:114)
at org.testng.remote.RemoteTestNG.initAndRun(RemoteTestNG.java:251)
at org.testng.remote.RemoteTestNG.main(RemoteTestNG.java:77)
]]>
    </failure>
  </testcase> <!-- slider5_shouldLookGood_onDevice -->
  <testcase name="slider6_shouldLookGood_onDevice" time="34.04" classname="com.galenframework.java.sample.tests.WelcomePageTest">
    <failure type="com.galenframework.support.LayoutValidationException" message="/specs/slider6.spec, tags: [desktop]
  - &amp;quot;s6titleh2-1&amp;quot; height is 70px instead of 72px (/specs/slider6.spec:10)
  - &amp;quot;s6titleh2-1&amp;quot; width is 250px instead of 534px (/specs/slider6.spec:11)
  - &amp;quot;s6titleh2-2&amp;quot; height is 70px instead of 72px (/specs/slider6.spec:15)
  - &amp;quot;s6titleh2-2&amp;quot; width is 250px instead of 534px (/specs/slider6.spec:16)
  - &amp;quot;s6titleh2-2&amp;quot; is 242px left instead of 250px (/specs/slider6.spec:18)
  - &amp;quot;img&amp;quot; height is 336px instead of 340px (/specs/slider6.spec:41)
  - &amp;quot;img&amp;quot; width is 757px instead of 765px (/specs/slider6.spec:42)
  - &amp;quot;img&amp;quot; is not completely inside. The offset is 54px. (/specs/slider6.spec:43)
  - &amp;quot;get&amp;quot; height is 28px instead of 22px (/specs/slider6.spec:47)
">
      <![CDATA[com.galenframework.support.LayoutValidationException: /specs/slider6.spec, tags: [desktop]
  - "s6titleh2-1" height is 70px instead of 72px (/specs/slider6.spec:10)
  - "s6titleh2-1" width is 250px instead of 534px (/specs/slider6.spec:11)
  - "s6titleh2-2" height is 70px instead of 72px (/specs/slider6.spec:15)
  - "s6titleh2-2" width is 250px instead of 534px (/specs/slider6.spec:16)
  - "s6titleh2-2" is 242px left instead of 250px (/specs/slider6.spec:18)
  - "img" height is 336px instead of 340px (/specs/slider6.spec:41)
  - "img" width is 757px instead of 765px (/specs/slider6.spec:42)
  - "img" is not completely inside. The offset is 54px. (/specs/slider6.spec:43)
  - "get" height is 28px instead of 22px (/specs/slider6.spec:47)

at com.galenframework.support.GalenJavaTestBase.checkLayout(GalenJavaTestBase.java:129)
at com.galenframework.support.GalenJavaTestBase.checkLayout(GalenJavaTestBase.java:111)
at com.galenframework.java.sample.tests.WelcomePageTest.slider6_shouldLookGood_onDevice(WelcomePageTest.java:149)
at sun.reflect.NativeMethodAccessorImpl.invoke0(Native Method)
at sun.reflect.NativeMethodAccessorImpl.invoke(Unknown Source)
at sun.reflect.DelegatingMethodAccessorImpl.invoke(Unknown Source)
at java.lang.reflect.Method.invoke(Unknown Source)
at org.testng.internal.MethodInvocationHelper.invokeMethod(MethodInvocationHelper.java:124)
at org.testng.internal.Invoker.invokeMethod(Invoker.java:583)
at org.testng.internal.Invoker.invokeTestMethod(Invoker.java:719)
at org.testng.internal.Invoker.invokeTestMethods(Invoker.java:989)
at org.testng.internal.TestMethodWorker.invokeTestMethods(TestMethodWorker.java:125)
at org.testng.internal.TestMethodWorker.run(TestMethodWorker.java:109)
at org.testng.TestRunner.privateRun(TestRunner.java:648)
at org.testng.TestRunner.run(TestRunner.java:505)
at org.testng.SuiteRunner.runTest(SuiteRunner.java:455)
at org.testng.SuiteRunner.runSequentially(SuiteRunner.java:450)
at org.testng.SuiteRunner.privateRun(SuiteRunner.java:415)
at org.testng.SuiteRunner.run(SuiteRunner.java:364)
at org.testng.SuiteRunnerWorker.runSuite(SuiteRunnerWorker.java:52)
at org.testng.SuiteRunnerWorker.run(SuiteRunnerWorker.java:84)
at org.testng.TestNG.runSuitesSequentially(TestNG.java:1208)
at org.testng.TestNG.runSuitesLocally(TestNG.java:1137)
at org.testng.TestNG.runSuites(TestNG.java:1049)
at org.testng.TestNG.run(TestNG.java:1017)
at org.testng.remote.AbstractRemoteTestNG.run(AbstractRemoteTestNG.java:114)
at org.testng.remote.RemoteTestNG.initAndRun(RemoteTestNG.java:251)
at org.testng.remote.RemoteTestNG.main(RemoteTestNG.java:77)
]]>
    </failure>
  </testcase> <!-- slider6_shouldLookGood_onDevice -->
  <testcase name="slider7_shouldLookGood_onDevice" time="37.258" classname="com.galenframework.java.sample.tests.WelcomePageTest">
    <failure type="com.galenframework.support.LayoutValidationException" message="/specs/slider7.spec, tags: [desktop]
  - &amp;quot;s6titleh2&amp;quot; height is 138px instead of 141px (/specs/slider7.spec:10)
  - &amp;quot;s6titleh2&amp;quot; is 242px left instead of 250px (/specs/slider7.spec:13)
  - &amp;quot;s6box&amp;quot; height is 212px instead of 210px (/specs/slider7.spec:16)
  - &amp;quot;s6box&amp;quot; is 227px left and 227px right instead of 235px (/specs/slider7.spec:18)
  - &amp;quot;s6box&amp;quot; is 27px top instead of 30px (/specs/slider7.spec:19)
  - &amp;quot;imgbox-1&amp;quot; width is 249px instead of 250px (/specs/slider7.spec:23)
  - &amp;quot;imgbox-1&amp;quot; is 16px left and 16px top and 16px bottom instead of 15px (/specs/slider7.spec:24)
  - &amp;quot;imgbox-4&amp;quot; is 16px top and 16px bottom instead of 15px (/specs/slider7.spec:29)
  - &amp;quot;imgbox-7&amp;quot; width is 249px instead of 250px (/specs/slider7.spec:34)
  - &amp;quot;imgbox-7&amp;quot; is 17px right and 16px top and 16px bottom instead of 15px (/specs/slider7.spec:35)
  - &amp;quot;imgbox-7&amp;quot; is 14px right instead of 15px (/specs/slider7.spec:36)
  - &amp;quot;explore&amp;quot; height is 28px instead of 22px (/specs/slider7.spec:39)
  - &amp;quot;explore&amp;quot; width is 217px instead of 218px (/specs/slider7.spec:40)
">
      <![CDATA[com.galenframework.support.LayoutValidationException: /specs/slider7.spec, tags: [desktop]
  - "s6titleh2" height is 138px instead of 141px (/specs/slider7.spec:10)
  - "s6titleh2" is 242px left instead of 250px (/specs/slider7.spec:13)
  - "s6box" height is 212px instead of 210px (/specs/slider7.spec:16)
  - "s6box" is 227px left and 227px right instead of 235px (/specs/slider7.spec:18)
  - "s6box" is 27px top instead of 30px (/specs/slider7.spec:19)
  - "imgbox-1" width is 249px instead of 250px (/specs/slider7.spec:23)
  - "imgbox-1" is 16px left and 16px top and 16px bottom instead of 15px (/specs/slider7.spec:24)
  - "imgbox-4" is 16px top and 16px bottom instead of 15px (/specs/slider7.spec:29)
  - "imgbox-7" width is 249px instead of 250px (/specs/slider7.spec:34)
  - "imgbox-7" is 17px right and 16px top and 16px bottom instead of 15px (/specs/slider7.spec:35)
  - "imgbox-7" is 14px right instead of 15px (/specs/slider7.spec:36)
  - "explore" height is 28px instead of 22px (/specs/slider7.spec:39)
  - "explore" width is 217px instead of 218px (/specs/slider7.spec:40)

at com.galenframework.support.GalenJavaTestBase.checkLayout(GalenJavaTestBase.java:129)
at com.galenframework.support.GalenJavaTestBase.checkLayout(GalenJavaTestBase.java:111)
at com.galenframework.java.sample.tests.WelcomePageTest.slider7_shouldLookGood_onDevice(WelcomePageTest.java:167)
at sun.reflect.NativeMethodAccessorImpl.invoke0(Native Method)
at sun.reflect.NativeMethodAccessorImpl.invoke(Unknown Source)
at sun.reflect.DelegatingMethodAccessorImpl.invoke(Unknown Source)
at java.lang.reflect.Method.invoke(Unknown Source)
at org.testng.internal.MethodInvocationHelper.invokeMethod(MethodInvocationHelper.java:124)
at org.testng.internal.Invoker.invokeMethod(Invoker.java:583)
at org.testng.internal.Invoker.invokeTestMethod(Invoker.java:719)
at org.testng.internal.Invoker.invokeTestMethods(Invoker.java:989)
at org.testng.internal.TestMethodWorker.invokeTestMethods(TestMethodWorker.java:125)
at org.testng.internal.TestMethodWorker.run(TestMethodWorker.java:109)
at org.testng.TestRunner.privateRun(TestRunner.java:648)
at org.testng.TestRunner.run(TestRunner.java:505)
at org.testng.SuiteRunner.runTest(SuiteRunner.java:455)
at org.testng.SuiteRunner.runSequentially(SuiteRunner.java:450)
at org.testng.SuiteRunner.privateRun(SuiteRunner.java:415)
at org.testng.SuiteRunner.run(SuiteRunner.java:364)
at org.testng.SuiteRunnerWorker.runSuite(SuiteRunnerWorker.java:52)
at org.testng.SuiteRunnerWorker.run(SuiteRunnerWorker.java:84)
at org.testng.TestNG.runSuitesSequentially(TestNG.java:1208)
at org.testng.TestNG.runSuitesLocally(TestNG.java:1137)
at org.testng.TestNG.runSuites(TestNG.java:1049)
at org.testng.TestNG.run(TestNG.java:1017)
at org.testng.remote.AbstractRemoteTestNG.run(AbstractRemoteTestNG.java:114)
at org.testng.remote.RemoteTestNG.initAndRun(RemoteTestNG.java:251)
at org.testng.remote.RemoteTestNG.main(RemoteTestNG.java:77)
]]>
    </failure>
  </testcase> <!-- slider7_shouldLookGood_onDevice -->
  <testcase name="welcomePage_shouldLookGood_onDevice" time="93.24" classname="com.galenframework.java.sample.tests.WelcomePageTest">
    <failure type="com.galenframework.support.LayoutValidationException" message="/specs/welcomePage.spec, tags: [desktop]
  - &amp;quot;header-list-p-1&amp;quot; width is 228px instead of 251px (\specs/common.spec:21)
  - &amp;quot;header-list-p-1&amp;quot; is 460px left instead of 428px (\specs/common.spec:23)
  - &amp;quot;header-img-1&amp;quot; is 40px left instead of 50px (\specs/common.spec:28)
  - &amp;quot;header-img-3&amp;quot; is 20px left instead of 40px (\specs/common.spec:33)
  - &amp;quot;header-list-p-4&amp;quot; width is 101px instead of 62px (\specs/common.spec:37)
  - &amp;quot;header-list-p-4&amp;quot; is 21px left instead of 40px (\specs/common.spec:38)
  - &amp;quot;header-list-p-5&amp;quot; width is 199px instead of 198px (\specs/common.spec:43)
  - &amp;quot;logo-1&amp;quot; is 45px below &amp;quot;header-list-p-1&amp;quot; which is not in range of 10 to 43px (\specs/common.spec:49)
  - &amp;quot;menu-item-1&amp;quot; height is 23px which is not in range of 14 to 18px (\specs/common.spec:59)
  - &amp;quot;menu-item-1&amp;quot; width is 58px instead of 65px (\specs/common.spec:60)
  - &amp;quot;menu-item-2&amp;quot; height is 23px which is not in range of 14 to 18px (\specs/common.spec:66)
  - &amp;quot;menu-item-3&amp;quot; height is 23px which is not in range of 14 to 18px (\specs/common.spec:73)
  - &amp;quot;menu-item-3&amp;quot; width is 105px instead of 106px (\specs/common.spec:74)
  - &amp;quot;menu-item-4&amp;quot; height is 23px which is not in range of 14 to 18px (\specs/common.spec:80)
  - &amp;quot;menu-item-5&amp;quot; height is 23px which is not in range of 14 to 18px (\specs/common.spec:87)
  - &amp;quot;menu-item-5&amp;quot; width is 40px instead of 41px (\specs/common.spec:88)
  - &amp;quot;menu-item-6&amp;quot; height is 23px which is not in range of 14 to 18px (\specs/common.spec:94)
  - &amp;quot;slider-1&amp;quot; height is 10px which is not in range of 0 to 4px (\specs/slider.spec:9)
  - &amp;quot;slider-2&amp;quot; height is 10px which is not in range of 0 to 4px (\specs/slider.spec:15)
  - &amp;quot;slider-3&amp;quot; height is 10px which is not in range of 0 to 4px (\specs/slider.spec:21)
  - &amp;quot;slider-4&amp;quot; height is 10px which is not in range of 0 to 4px (\specs/slider.spec:27)
  - &amp;quot;slider-5&amp;quot; height is 10px which is not in range of 0 to 4px (\specs/slider.spec:33)
  - &amp;quot;slider-6&amp;quot; height is 10px which is not in range of 0 to 4px (\specs/slider.spec:39)
  - &amp;quot;slider-7&amp;quot; height is 10px which is not in range of 0 to 4px (\specs/slider.spec:45)
  - &amp;quot;slider-8&amp;quot; height is 10px which is not in range of 0 to 4px (\specs/slider.spec:51)
  - &amp;quot;slider-9&amp;quot; height is 10px which is not in range of 0 to 4px (\specs/slider.spec:57)
  - &amp;quot;build&amp;quot; is absent on page (/specs/welcomePage.spec:14)
  - &amp;quot;build&amp;quot; is absent on page (/specs/welcomePage.spec:15)
  - &amp;quot;build&amp;quot; is absent on page (/specs/welcomePage.spec:16)
  - &amp;quot;tomo&amp;quot; is absent on page (/specs/welcomePage.spec:19)
  - &amp;quot;tomo&amp;quot; is absent on page (/specs/welcomePage.spec:20)
  - Cannot find locator for &amp;quot;arrow-next&amp;quot; in page spec (/specs/welcomePage.spec:24)
  - Cannot find locator for &amp;quot;arrow-next&amp;quot; in page spec (/specs/welcomePage.spec:25)
  - Cannot find locator for &amp;quot;arrow-next&amp;quot; in page spec (/specs/welcomePage.spec:26)
  - Cannot find locator for &amp;quot;arrow-prev&amp;quot; in page spec (/specs/welcomePage.spec:29)
  - Cannot find locator for &amp;quot;arrow-prev&amp;quot; in page spec (/specs/welcomePage.spec:30)
  - Cannot find locator for &amp;quot;arrow-prev&amp;quot; in page spec (/specs/welcomePage.spec:31)
">
      <![CDATA[com.galenframework.support.LayoutValidationException: /specs/welcomePage.spec, tags: [desktop]
  - "header-list-p-1" width is 228px instead of 251px (\specs/common.spec:21)
  - "header-list-p-1" is 460px left instead of 428px (\specs/common.spec:23)
  - "header-img-1" is 40px left instead of 50px (\specs/common.spec:28)
  - "header-img-3" is 20px left instead of 40px (\specs/common.spec:33)
  - "header-list-p-4" width is 101px instead of 62px (\specs/common.spec:37)
  - "header-list-p-4" is 21px left instead of 40px (\specs/common.spec:38)
  - "header-list-p-5" width is 199px instead of 198px (\specs/common.spec:43)
  - "logo-1" is 45px below "header-list-p-1" which is not in range of 10 to 43px (\specs/common.spec:49)
  - "menu-item-1" height is 23px which is not in range of 14 to 18px (\specs/common.spec:59)
  - "menu-item-1" width is 58px instead of 65px (\specs/common.spec:60)
  - "menu-item-2" height is 23px which is not in range of 14 to 18px (\specs/common.spec:66)
  - "menu-item-3" height is 23px which is not in range of 14 to 18px (\specs/common.spec:73)
  - "menu-item-3" width is 105px instead of 106px (\specs/common.spec:74)
  - "menu-item-4" height is 23px which is not in range of 14 to 18px (\specs/common.spec:80)
  - "menu-item-5" height is 23px which is not in range of 14 to 18px (\specs/common.spec:87)
  - "menu-item-5" width is 40px instead of 41px (\specs/common.spec:88)
  - "menu-item-6" height is 23px which is not in range of 14 to 18px (\specs/common.spec:94)
  - "slider-1" height is 10px which is not in range of 0 to 4px (\specs/slider.spec:9)
  - "slider-2" height is 10px which is not in range of 0 to 4px (\specs/slider.spec:15)
  - "slider-3" height is 10px which is not in range of 0 to 4px (\specs/slider.spec:21)
  - "slider-4" height is 10px which is not in range of 0 to 4px (\specs/slider.spec:27)
  - "slider-5" height is 10px which is not in range of 0 to 4px (\specs/slider.spec:33)
  - "slider-6" height is 10px which is not in range of 0 to 4px (\specs/slider.spec:39)
  - "slider-7" height is 10px which is not in range of 0 to 4px (\specs/slider.spec:45)
  - "slider-8" height is 10px which is not in range of 0 to 4px (\specs/slider.spec:51)
  - "slider-9" height is 10px which is not in range of 0 to 4px (\specs/slider.spec:57)
  - "build" is absent on page (/specs/welcomePage.spec:14)
  - "build" is absent on page (/specs/welcomePage.spec:15)
  - "build" is absent on page (/specs/welcomePage.spec:16)
  - "tomo" is absent on page (/specs/welcomePage.spec:19)
  - "tomo" is absent on page (/specs/welcomePage.spec:20)
  - Cannot find locator for "arrow-next" in page spec (/specs/welcomePage.spec:24)
  - Cannot find locator for "arrow-next" in page spec (/specs/welcomePage.spec:25)
  - Cannot find locator for "arrow-next" in page spec (/specs/welcomePage.spec:26)
  - Cannot find locator for "arrow-prev" in page spec (/specs/welcomePage.spec:29)
  - Cannot find locator for "arrow-prev" in page spec (/specs/welcomePage.spec:30)
  - Cannot find locator for "arrow-prev" in page spec (/specs/welcomePage.spec:31)

at com.galenframework.support.GalenJavaTestBase.checkLayout(GalenJavaTestBase.java:129)
at com.galenframework.support.GalenJavaTestBase.checkLayout(GalenJavaTestBase.java:111)
at com.galenframework.java.sample.tests.WelcomePageTest.welcomePage_shouldLookGood_onDevice(WelcomePageTest.java:32)
at sun.reflect.NativeMethodAccessorImpl.invoke0(Native Method)
at sun.reflect.NativeMethodAccessorImpl.invoke(Unknown Source)
at sun.reflect.DelegatingMethodAccessorImpl.invoke(Unknown Source)
at java.lang.reflect.Method.invoke(Unknown Source)
at org.testng.internal.MethodInvocationHelper.invokeMethod(MethodInvocationHelper.java:124)
at org.testng.internal.Invoker.invokeMethod(Invoker.java:583)
at org.testng.internal.Invoker.invokeTestMethod(Invoker.java:719)
at org.testng.internal.Invoker.invokeTestMethods(Invoker.java:989)
at org.testng.internal.TestMethodWorker.invokeTestMethods(TestMethodWorker.java:125)
at org.testng.internal.TestMethodWorker.run(TestMethodWorker.java:109)
at org.testng.TestRunner.privateRun(TestRunner.java:648)
at org.testng.TestRunner.run(TestRunner.java:505)
at org.testng.SuiteRunner.runTest(SuiteRunner.java:455)
at org.testng.SuiteRunner.runSequentially(SuiteRunner.java:450)
at org.testng.SuiteRunner.privateRun(SuiteRunner.java:415)
at org.testng.SuiteRunner.run(SuiteRunner.java:364)
at org.testng.SuiteRunnerWorker.runSuite(SuiteRunnerWorker.java:52)
at org.testng.SuiteRunnerWorker.run(SuiteRunnerWorker.java:84)
at org.testng.TestNG.runSuitesSequentially(TestNG.java:1208)
at org.testng.TestNG.runSuitesLocally(TestNG.java:1137)
at org.testng.TestNG.runSuites(TestNG.java:1049)
at org.testng.TestNG.run(TestNG.java:1017)
at org.testng.remote.AbstractRemoteTestNG.run(AbstractRemoteTestNG.java:114)
at org.testng.remote.RemoteTestNG.initAndRun(RemoteTestNG.java:251)
at org.testng.remote.RemoteTestNG.main(RemoteTestNG.java:77)
]]>
    </failure>
  </testcase> <!-- welcomePage_shouldLookGood_onDevice -->
</testsuite> <!-- Default test -->
