<!DOCTYPE html PUBLIC "-//W3C//DTD XHTML 1.1//EN" "http://www.w3.org/TR/xhtml11/DTD/xhtml11.dtd">
<html xmlns="http://www.w3.org/1999/xhtml">
<head>
<meta http-equiv="content-type" content="text/html; charset=UTF-8"/>
<title>TestNG Report</title>
<style type="text/css">table {margin-bottom:10px;border-collapse:collapse;empty-cells:show}th,td {border:1px solid #009;padding:.25em .5em}th {vertical-align:bottom}td {vertical-align:top}table a {font-weight:bold}.stripe td {background-color: #E6EBF9}.num {text-align:right}.passedodd td {background-color: #3F3}.passedeven td {background-color: #0A0}.skippedodd td {background-color: #DDD}.skippedeven td {background-color: #CCC}.failedodd td,.attn {background-color: #F33}.failedeven td,.stripe .attn {background-color: #D00}.stacktrace {white-space:pre;font-family:monospace}.totop {font-size:85%;text-align:center;border-bottom:2px solid #000}.invisible {display:none}</style>
</head>
<body>
<table>
<tr><th>Test</th><th># Passed</th><th># Skipped</th><th># Failed</th><th>Time (ms)</th><th>Included Groups</th><th>Excluded Groups</th></tr>
<tr><th colspan="7">Default suite</th></tr>
<tr><td><a href="#t0">Default test</a></td><td class="num">0</td><td class="num">0</td><td class="num attn">9</td><td class="num">445,603</td><td></td><td></td></tr>
</table>
<table id='summary'><thead><tr><th>Class</th><th>Method</th><th>Start</th><th>Time (ms)</th></tr></thead><tbody><tr><th colspan="4">Default suite</th></tr></tbody><tbody id="t0"><tr><th colspan="4">Default test &#8212; failed</th></tr><tr class="failedeven"><td rowspan="9">com.galenframework.java.sample.tests.WelcomePageTest</td><td><a href="#m0">Footer_shouldLookGood_onDevice</a></td><td rowspan="1">1544969993155</td><td rowspan="1">56062</td></tr><tr class="failedeven"><td><a href="#m1">slider1_shouldLookGood_onDevice</a></td><td rowspan="1">1544970053840</td><td rowspan="1">37876</td></tr><tr class="failedeven"><td><a href="#m2">slider2_shouldLookGood_onDevice</a></td><td rowspan="1">1544970096467</td><td rowspan="1">34092</td></tr><tr class="failedeven"><td><a href="#m3">slider3_shouldLookGood_onDevice</a></td><td rowspan="1">1544970135108</td><td rowspan="1">35243</td></tr><tr class="failedeven"><td><a href="#m4">slider4_shouldLookGood_onDevice</a></td><td rowspan="1">1544970175271</td><td rowspan="1">38685</td></tr><tr class="failedeven"><td><a href="#m5">slider5_shouldLookGood_onDevice</a></td><td rowspan="1">1544970218790</td><td rowspan="1">35420</td></tr><tr class="failedeven"><td><a href="#m6">slider6_shouldLookGood_onDevice</a></td><td rowspan="1">1544970258992</td><td rowspan="1">34040</td></tr><tr class="failedeven"><td><a href="#m7">slider7_shouldLookGood_onDevice</a></td><td rowspan="1">1544970297768</td><td rowspan="1">37258</td></tr><tr class="failedeven"><td><a href="#m8">welcomePage_shouldLookGood_onDevice</a></td><td rowspan="1">1544970339707</td><td rowspan="1">93240</td></tr></tbody>
</table>
<h2>Default test</h2><h3 id="m0">com.galenframework.java.sample.tests.WelcomePageTest#Footer_shouldLookGood_onDevice</h3><table class="result"><tr class="param"><th>Parameter #1</th></tr><tr class="param stripe"><td>desktop 1280x720</td></tr><tr><th>Exception</th></tr><tr><td><div class="stacktrace">com.galenframework.support.LayoutValidationException: /specs/footer.spec, tags: [desktop]
  - &quot;footer-stay&quot; height is 138px instead of 141px (/specs/footer.spec:15)
  - &quot;footer-stay&quot; width is 292px instead of 283px (/specs/footer.spec:16)
  - Cannot find locator for &quot;footer&quot; in page spec (/specs/footer.spec:17)
  - Cannot find locator for &quot;footer&quot; in page spec (/specs/footer.spec:18)
  - Cannot find locator for &quot;footer&quot; in page spec (/specs/footer.spec:19)
  - &quot;footer-stay&quot; text is &quot;Stay
in Touch.&quot; but should be &quot;Stay in touch.&quot; (/specs/footer.spec:21)
  - &quot;footer-stay&quot; css property &quot;color&quot; is &quot;rgba(0, 0, 0, 1)&quot; but should be &quot;#000000&quot; (/specs/footer.spec:22)
  - &quot;footer-stay&quot; css property &quot;font-family&quot; is &quot;SFProDisplay, Arial, Tahoma, sans-serif&quot; but should be &quot;SFProDisplay&quot; (/specs/footer.spec:23)
  - &quot;footer-p&quot; text is &quot;Sign Up for Our Newsletter&quot; but should be &quot;Sign up for our Newsletter&quot; (/specs/footer.spec:30)
  - &quot;footer-p&quot; css property &quot;color&quot; is &quot;rgba(65, 64, 66, 1)&quot; but should be &quot;#414042&quot; (/specs/footer.spec:31)
  - &quot;footer-p&quot; css property &quot;font-family&quot; is &quot;SFCompactText, Arial, Tahoma, sans-serif&quot; but should be &quot;SFCompactText&quot; (/specs/footer.spec:32)
  - Cannot find locator for &quot;footer&quot; in page spec (/specs/footer.spec:33)
  - Cannot find locator for &quot;footer&quot; in page spec (/specs/footer.spec:34)
  - Cannot find locator for &quot;footer&quot; in page spec (/specs/footer.spec:35)
  - &quot;footer-email&quot; is absent on page (/specs/footer.spec:39)
  - &quot;footer-email&quot; is absent on page (/specs/footer.spec:40)
  - &quot;footer-email&quot; is absent on page (/specs/footer.spec:41)
  - &quot;footer-email&quot; is absent on page (/specs/footer.spec:42)
  - &quot;footer-email&quot; is absent on page (/specs/footer.spec:43)
  - &quot;footer-email&quot; is absent on page (/specs/footer.spec:44)
  - &quot;footer-drp&quot; width is 283px instead of 303px (/specs/footer.spec:47)
  - &quot;footer-drp&quot; css property &quot;color&quot; is &quot;rgba(0, 0, 0, 0.15)&quot; but should be &quot;#000000&quot; (/specs/footer.spec:49)
  - &quot;footer-drp&quot; css property &quot;font-family&quot; is &quot;SFProDisplay, Arial, Tahoma, sans-serif&quot; but should be &quot;SFProDisplay&quot; (/specs/footer.spec:50)
  - &quot;footer-drp&quot; css property &quot;background-color&quot; is &quot;rgba(0, 0, 0, 0)&quot; but should be &quot;white&quot; (/specs/footer.spec:51)
  - &quot;footer-button&quot; is absent on page (/specs/footer.spec:54)
  - &quot;footer-button&quot; is absent on page (/specs/footer.spec:55)
  - &quot;footer-h3-1&quot; height is 26px instead of 22px (/specs/footer.spec:104)
  - &quot;footer-h3-1&quot; width is 48px instead of 91px (/specs/footer.spec:105)
  - &quot;footer-h3-2&quot; height is 26px instead of 22px (/specs/footer.spec:108)
  - &quot;footer-h3-2&quot; width is 66px instead of 73px (/specs/footer.spec:109)
  - &quot;footer-h3-3&quot; height is 26px instead of 22px (/specs/footer.spec:112)
  - &quot;footer-h3-4&quot; height is 26px instead of 22px (/specs/footer.spec:116)
  - &quot;footer-h3-4&quot; width is 73px instead of 74px (/specs/footer.spec:117)
  - &quot;footer-h3-5&quot; height is 26px instead of 22px (/specs/footer.spec:120)
  - &quot;footer-list-1&quot; height is 21px instead of 14px (/specs/footer.spec:126)
  - &quot;footer-list-1&quot; width is 184px instead of 118px (/specs/footer.spec:127)
  - &quot;footer-list-1&quot; is -45px bottom instead of 10px (/specs/footer.spec:128)
  - &quot;footer-list-2&quot; is not aligned horizontally all with &quot;footer-list-1&quot;. Offset is 24px (/specs/footer.spec:129)
  - &quot;footer-list-2&quot; height is 21px instead of 14px (/specs/footer.spec:132)
  - &quot;footer-list-2&quot; width is 184px instead of 64px (/specs/footer.spec:133)
  - &quot;footer-list-2&quot; is -21px bottom instead of 10px (/specs/footer.spec:134)
  - &quot;footer-list-3&quot; is not aligned horizontally all with &quot;footer-list-2&quot;. Offset is 24px (/specs/footer.spec:135)

	at com.galenframework.support.GalenJavaTestBase.checkLayout(GalenJavaTestBase.java:129)
	at com.galenframework.support.GalenJavaTestBase.checkLayout(GalenJavaTestBase.java:111)
	at com.galenframework.java.sample.tests.WelcomePageTest.Footer_shouldLookGood_onDevice(WelcomePageTest.java:186)
	at sun.reflect.NativeMethodAccessorImpl.invoke0(Native Method)
	at sun.reflect.NativeMethodAccessorImpl.invoke(Unknown Source)
	at sun.reflect.DelegatingMethodAccessorImpl.invoke(Unknown Source)
	at java.lang.reflect.Method.invoke(Unknown Source)
	at org.testng.internal.MethodInvocationHelper.invokeMethod(MethodInvocationHelper.java:124)
	at org.testng.internal.Invoker.invokeMethod(Invoker.java:583)
	at org.testng.internal.Invoker.invokeTestMethod(Invoker.java:719)
	at org.testng.internal.Invoker.invokeTestMethods(Invoker.java:989)
	at org.testng.internal.TestMethodWorker.invokeTestMethods(TestMethodWorker.java:125)
	at org.testng.internal.TestMethodWorker.run(TestMethodWorker.java:109)
	at org.testng.TestRunner.privateRun(TestRunner.java:648)
	at org.testng.TestRunner.run(TestRunner.java:505)
	at org.testng.SuiteRunner.runTest(SuiteRunner.java:455)
	at org.testng.SuiteRunner.runSequentially(SuiteRunner.java:450)
	at org.testng.SuiteRunner.privateRun(SuiteRunner.java:415)
	at org.testng.SuiteRunner.run(SuiteRunner.java:364)
	at org.testng.SuiteRunnerWorker.runSuite(SuiteRunnerWorker.java:52)
	at org.testng.SuiteRunnerWorker.run(SuiteRunnerWorker.java:84)
	at org.testng.TestNG.runSuitesSequentially(TestNG.java:1208)
	at org.testng.TestNG.runSuitesLocally(TestNG.java:1137)
	at org.testng.TestNG.runSuites(TestNG.java:1049)
	at org.testng.TestNG.run(TestNG.java:1017)
	at org.testng.remote.AbstractRemoteTestNG.run(AbstractRemoteTestNG.java:114)
	at org.testng.remote.RemoteTestNG.initAndRun(RemoteTestNG.java:251)
	at org.testng.remote.RemoteTestNG.main(RemoteTestNG.java:77)
</div></td></tr></table><p class="totop"><a href="#summary">back to summary</a></p>
<h3 id="m1">com.galenframework.java.sample.tests.WelcomePageTest#slider1_shouldLookGood_onDevice</h3><table class="result"><tr class="param"><th>Parameter #1</th></tr><tr class="param stripe"><td>desktop 1280x720</td></tr><tr><th>Exception</th></tr><tr><td><div class="stacktrace">com.galenframework.support.LayoutValidationException: /specs/slider1.spec, tags: [desktop]
  - &quot;inspired&quot; height is 138px instead of 141px (/specs/slider1.spec:11)
  - &quot;inspired&quot; width is 426px instead of 427px (/specs/slider1.spec:12)
  - &quot;inspired&quot; css property &quot;font-family&quot; is &quot;SFProDisplay, Arial, Tahoma, sans-serif&quot; but should be &quot;SFProDisplay&quot; (/specs/slider1.spec:13)
  - &quot;inspired&quot; text is &quot;Inspired
Workspaces.&quot; but should be &quot;Inspired Workspaces.&quot; (/specs/slider1.spec:14)
  - &quot;setuplink&quot; height is 28px instead of 22px (/specs/slider1.spec:27)
  - &quot;setuplink&quot; width is 181px instead of 183px (/specs/slider1.spec:28)

	at com.galenframework.support.GalenJavaTestBase.checkLayout(GalenJavaTestBase.java:129)
	at com.galenframework.support.GalenJavaTestBase.checkLayout(GalenJavaTestBase.java:111)
	at com.galenframework.java.sample.tests.WelcomePageTest.slider1_shouldLookGood_onDevice(WelcomePageTest.java:53)
	at sun.reflect.NativeMethodAccessorImpl.invoke0(Native Method)
	at sun.reflect.NativeMethodAccessorImpl.invoke(Unknown Source)
	at sun.reflect.DelegatingMethodAccessorImpl.invoke(Unknown Source)
	at java.lang.reflect.Method.invoke(Unknown Source)
	at org.testng.internal.MethodInvocationHelper.invokeMethod(MethodInvocationHelper.java:124)
	at org.testng.internal.Invoker.invokeMethod(Invoker.java:583)
	at org.testng.internal.Invoker.invokeTestMethod(Invoker.java:719)
	at org.testng.internal.Invoker.invokeTestMethods(Invoker.java:989)
	at org.testng.internal.TestMethodWorker.invokeTestMethods(TestMethodWorker.java:125)
	at org.testng.internal.TestMethodWorker.run(TestMethodWorker.java:109)
	at org.testng.TestRunner.privateRun(TestRunner.java:648)
	at org.testng.TestRunner.run(TestRunner.java:505)
	at org.testng.SuiteRunner.runTest(SuiteRunner.java:455)
	at org.testng.SuiteRunner.runSequentially(SuiteRunner.java:450)
	at org.testng.SuiteRunner.privateRun(SuiteRunner.java:415)
	at org.testng.SuiteRunner.run(SuiteRunner.java:364)
	at org.testng.SuiteRunnerWorker.runSuite(SuiteRunnerWorker.java:52)
	at org.testng.SuiteRunnerWorker.run(SuiteRunnerWorker.java:84)
	at org.testng.TestNG.runSuitesSequentially(TestNG.java:1208)
	at org.testng.TestNG.runSuitesLocally(TestNG.java:1137)
	at org.testng.TestNG.runSuites(TestNG.java:1049)
	at org.testng.TestNG.run(TestNG.java:1017)
	at org.testng.remote.AbstractRemoteTestNG.run(AbstractRemoteTestNG.java:114)
	at org.testng.remote.RemoteTestNG.initAndRun(RemoteTestNG.java:251)
	at org.testng.remote.RemoteTestNG.main(RemoteTestNG.java:77)
</div></td></tr></table><p class="totop"><a href="#summary">back to summary</a></p>
<h3 id="m2">com.galenframework.java.sample.tests.WelcomePageTest#slider2_shouldLookGood_onDevice</h3><table class="result"><tr class="param"><th>Parameter #1</th></tr><tr class="param stripe"><td>desktop 1280x720</td></tr><tr><th>Exception</th></tr><tr><td><div class="stacktrace">com.galenframework.support.LayoutValidationException: /specs/slider2.spec, tags: [desktop]
  - &quot;s2head-1&quot; height is 69px instead of 86px (/specs/slider2.spec:9)
  - &quot;s2head-1&quot; width is 183px instead of 80px (/specs/slider2.spec:10)
  - &quot;s2head-1&quot; is 6px above &quot;s2head-2&quot; which is not in range of 0 to 5px (/specs/slider2.spec:12)
  - &quot;s2head-2&quot; width is 183px instead of 153px (/specs/slider2.spec:16)
  - &quot;s2head-2&quot; is 78px above &quot;s2head-3&quot; which is not in range of 10 to 77px (/specs/slider2.spec:18)
  - &quot;s2head-3&quot; height is 69px instead of 70px (/specs/slider2.spec:21)
  - &quot;s2head-3&quot; width is 183px instead of 138px (/specs/slider2.spec:22)
  - &quot;s2head-3&quot; is 6px above &quot;s2head-4&quot; which is not in range of 0 to 5px (/specs/slider2.spec:24)
  - &quot;s2head-4&quot; is 78px above &quot;s2head-5&quot; which is not in range of 10 to 77px (/specs/slider2.spec:30)
  - &quot;s2head-5&quot; height is 69px instead of 70px (/specs/slider2.spec:33)
  - &quot;s2head-5&quot; width is 183px instead of 80px (/specs/slider2.spec:34)
  - &quot;s2head-6&quot; height is 32px instead of 33px (/specs/slider2.spec:39)
  - &quot;s2head-6&quot; width is 183px instead of 157px (/specs/slider2.spec:40)
  - &quot;s2mainh2&quot; height is 138px instead of 141px (/specs/slider2.spec:44)
  - &quot;s2mainh2&quot; width is 250px instead of 427px (/specs/slider2.spec:45)
  - &quot;s2mainh2&quot; is 32px above &quot;s2mainp&quot; which is not in range of 10 to 30px (/specs/slider2.spec:47)

	at com.galenframework.support.GalenJavaTestBase.checkLayout(GalenJavaTestBase.java:129)
	at com.galenframework.support.GalenJavaTestBase.checkLayout(GalenJavaTestBase.java:111)
	at com.galenframework.java.sample.tests.WelcomePageTest.slider2_shouldLookGood_onDevice(WelcomePageTest.java:74)
	at sun.reflect.NativeMethodAccessorImpl.invoke0(Native Method)
	at sun.reflect.NativeMethodAccessorImpl.invoke(Unknown Source)
	at sun.reflect.DelegatingMethodAccessorImpl.invoke(Unknown Source)
	at java.lang.reflect.Method.invoke(Unknown Source)
	at org.testng.internal.MethodInvocationHelper.invokeMethod(MethodInvocationHelper.java:124)
	at org.testng.internal.Invoker.invokeMethod(Invoker.java:583)
	at org.testng.internal.Invoker.invokeTestMethod(Invoker.java:719)
	at org.testng.internal.Invoker.invokeTestMethods(Invoker.java:989)
	at org.testng.internal.TestMethodWorker.invokeTestMethods(TestMethodWorker.java:125)
	at org.testng.internal.TestMethodWorker.run(TestMethodWorker.java:109)
	at org.testng.TestRunner.privateRun(TestRunner.java:648)
	at org.testng.TestRunner.run(TestRunner.java:505)
	at org.testng.SuiteRunner.runTest(SuiteRunner.java:455)
	at org.testng.SuiteRunner.runSequentially(SuiteRunner.java:450)
	at org.testng.SuiteRunner.privateRun(SuiteRunner.java:415)
	at org.testng.SuiteRunner.run(SuiteRunner.java:364)
	at org.testng.SuiteRunnerWorker.runSuite(SuiteRunnerWorker.java:52)
	at org.testng.SuiteRunnerWorker.run(SuiteRunnerWorker.java:84)
	at org.testng.TestNG.runSuitesSequentially(TestNG.java:1208)
	at org.testng.TestNG.runSuitesLocally(TestNG.java:1137)
	at org.testng.TestNG.runSuites(TestNG.java:1049)
	at org.testng.TestNG.run(TestNG.java:1017)
	at org.testng.remote.AbstractRemoteTestNG.run(AbstractRemoteTestNG.java:114)
	at org.testng.remote.RemoteTestNG.initAndRun(RemoteTestNG.java:251)
	at org.testng.remote.RemoteTestNG.main(RemoteTestNG.java:77)
</div></td></tr></table><p class="totop"><a href="#summary">back to summary</a></p>
<h3 id="m3">com.galenframework.java.sample.tests.WelcomePageTest#slider3_shouldLookGood_onDevice</h3><table class="result"><tr class="param"><th>Parameter #1</th></tr><tr class="param stripe"><td>desktop 1280x720</td></tr><tr><th>Exception</th></tr><tr><td><div class="stacktrace">com.galenframework.support.LayoutValidationException: /specs/slider3.spec, tags: [desktop]
  - &quot;s3titleh2&quot; height is 138px instead of 141px (/specs/slider3.spec:15)
  - &quot;s3titleh2&quot; width is 266px instead of 250px (/specs/slider3.spec:16)
  - &quot;s3titleh2&quot; is 24px above &quot;s3titlep&quot; which is not in range of 0 to 20px (/specs/slider3.spec:18)
  - Cannot find locator for &quot;s2titleh2-3&quot; in page spec (/specs/slider3.spec:23)
  - Cannot find locator for &quot;filterspan&quot; in page spec (/specs/slider3.spec:24)
  - &quot;filterspan-1&quot; height is 24px instead of 22px (/specs/slider3.spec:29)
  - &quot;filterspan-2&quot; height is 24px instead of 22px (/specs/slider3.spec:33)
  - &quot;filterspan-2&quot; width is 75px instead of 76px (/specs/slider3.spec:34)
  - &quot;filterspan-3&quot; height is 24px instead of 22px (/specs/slider3.spec:37)
  - &quot;ann&quot; height is 25px instead of 16px (/specs/slider3.spec:43)
  - &quot;ann&quot; width is 112px instead of 96px (/specs/slider3.spec:44)
  - &quot;celebrate&quot; width is 400px instead of 200px (/specs/slider3.spec:48)
  - &quot;celediv&quot; height is 34px instead of 36px (/specs/slider3.spec:51)
  - &quot;date-1&quot; width is 52px instead of 54px (/specs/slider3.spec:58)
  - &quot;date-2&quot; width is 52px instead of 54px (/specs/slider3.spec:62)
  - &quot;dic&quot; height is 20px instead of 21px (/specs/slider3.spec:67)
  - &quot;dic&quot; width is 300px instead of 108px (/specs/slider3.spec:68)
  - &quot;allann&quot; is not visible on page (/specs/slider3.spec:73)
  - &quot;allann&quot; is not visible on page (/specs/slider3.spec:74)

	at com.galenframework.support.GalenJavaTestBase.checkLayout(GalenJavaTestBase.java:129)
	at com.galenframework.support.GalenJavaTestBase.checkLayout(GalenJavaTestBase.java:111)
	at com.galenframework.java.sample.tests.WelcomePageTest.slider3_shouldLookGood_onDevice(WelcomePageTest.java:95)
	at sun.reflect.NativeMethodAccessorImpl.invoke0(Native Method)
	at sun.reflect.NativeMethodAccessorImpl.invoke(Unknown Source)
	at sun.reflect.DelegatingMethodAccessorImpl.invoke(Unknown Source)
	at java.lang.reflect.Method.invoke(Unknown Source)
	at org.testng.internal.MethodInvocationHelper.invokeMethod(MethodInvocationHelper.java:124)
	at org.testng.internal.Invoker.invokeMethod(Invoker.java:583)
	at org.testng.internal.Invoker.invokeTestMethod(Invoker.java:719)
	at org.testng.internal.Invoker.invokeTestMethods(Invoker.java:989)
	at org.testng.internal.TestMethodWorker.invokeTestMethods(TestMethodWorker.java:125)
	at org.testng.internal.TestMethodWorker.run(TestMethodWorker.java:109)
	at org.testng.TestRunner.privateRun(TestRunner.java:648)
	at org.testng.TestRunner.run(TestRunner.java:505)
	at org.testng.SuiteRunner.runTest(SuiteRunner.java:455)
	at org.testng.SuiteRunner.runSequentially(SuiteRunner.java:450)
	at org.testng.SuiteRunner.privateRun(SuiteRunner.java:415)
	at org.testng.SuiteRunner.run(SuiteRunner.java:364)
	at org.testng.SuiteRunnerWorker.runSuite(SuiteRunnerWorker.java:52)
	at org.testng.SuiteRunnerWorker.run(SuiteRunnerWorker.java:84)
	at org.testng.TestNG.runSuitesSequentially(TestNG.java:1208)
	at org.testng.TestNG.runSuitesLocally(TestNG.java:1137)
	at org.testng.TestNG.runSuites(TestNG.java:1049)
	at org.testng.TestNG.run(TestNG.java:1017)
	at org.testng.remote.AbstractRemoteTestNG.run(AbstractRemoteTestNG.java:114)
	at org.testng.remote.RemoteTestNG.initAndRun(RemoteTestNG.java:251)
	at org.testng.remote.RemoteTestNG.main(RemoteTestNG.java:77)
</div></td></tr></table><p class="totop"><a href="#summary">back to summary</a></p>
<h3 id="m4">com.galenframework.java.sample.tests.WelcomePageTest#slider4_shouldLookGood_onDevice</h3><table class="result"><tr class="param"><th>Parameter #1</th></tr><tr class="param stripe"><td>desktop 1280x720</td></tr><tr><th>Exception</th></tr><tr><td><div class="stacktrace">com.galenframework.support.LayoutValidationException: /specs/slider4.spec, tags: [desktop]
  - &quot;s4titleh2-1&quot; height is 72px instead of 70px (/specs/slider4.spec:13)
  - &quot;s4titleh2-2&quot; height is 72px instead of 70px (/specs/slider4.spec:20)
  - &quot;s4titleh2-2&quot; is 32px top instead of 30px (/specs/slider4.spec:23)
  - &quot;office-2&quot; width is 438px instead of 85px (/specs/slider4.spec:33)
  - &quot;Retail-2&quot; is not visible on page (/specs/slider4.spec:37)
  - &quot;Retail-2&quot; is not visible on page (/specs/slider4.spec:38)
  - &quot;Retail-2&quot; is not visible on page (/specs/slider4.spec:39)
  - &quot;ware-2&quot; width is 438px instead of 85px (/specs/slider4.spec:43)

	at com.galenframework.support.GalenJavaTestBase.checkLayout(GalenJavaTestBase.java:129)
	at com.galenframework.support.GalenJavaTestBase.checkLayout(GalenJavaTestBase.java:111)
	at com.galenframework.java.sample.tests.WelcomePageTest.slider4_shouldLookGood_onDevice(WelcomePageTest.java:114)
	at sun.reflect.NativeMethodAccessorImpl.invoke0(Native Method)
	at sun.reflect.NativeMethodAccessorImpl.invoke(Unknown Source)
	at sun.reflect.DelegatingMethodAccessorImpl.invoke(Unknown Source)
	at java.lang.reflect.Method.invoke(Unknown Source)
	at org.testng.internal.MethodInvocationHelper.invokeMethod(MethodInvocationHelper.java:124)
	at org.testng.internal.Invoker.invokeMethod(Invoker.java:583)
	at org.testng.internal.Invoker.invokeTestMethod(Invoker.java:719)
	at org.testng.internal.Invoker.invokeTestMethods(Invoker.java:989)
	at org.testng.internal.TestMethodWorker.invokeTestMethods(TestMethodWorker.java:125)
	at org.testng.internal.TestMethodWorker.run(TestMethodWorker.java:109)
	at org.testng.TestRunner.privateRun(TestRunner.java:648)
	at org.testng.TestRunner.run(TestRunner.java:505)
	at org.testng.SuiteRunner.runTest(SuiteRunner.java:455)
	at org.testng.SuiteRunner.runSequentially(SuiteRunner.java:450)
	at org.testng.SuiteRunner.privateRun(SuiteRunner.java:415)
	at org.testng.SuiteRunner.run(SuiteRunner.java:364)
	at org.testng.SuiteRunnerWorker.runSuite(SuiteRunnerWorker.java:52)
	at org.testng.SuiteRunnerWorker.run(SuiteRunnerWorker.java:84)
	at org.testng.TestNG.runSuitesSequentially(TestNG.java:1208)
	at org.testng.TestNG.runSuitesLocally(TestNG.java:1137)
	at org.testng.TestNG.runSuites(TestNG.java:1049)
	at org.testng.TestNG.run(TestNG.java:1017)
	at org.testng.remote.AbstractRemoteTestNG.run(AbstractRemoteTestNG.java:114)
	at org.testng.remote.RemoteTestNG.initAndRun(RemoteTestNG.java:251)
	at org.testng.remote.RemoteTestNG.main(RemoteTestNG.java:77)
</div></td></tr></table><p class="totop"><a href="#summary">back to summary</a></p>
<h3 id="m5">com.galenframework.java.sample.tests.WelcomePageTest#slider5_shouldLookGood_onDevice</h3><table class="result"><tr class="param"><th>Parameter #1</th></tr><tr class="param stripe"><td>desktop 1280x720</td></tr><tr><th>Exception</th></tr><tr><td><div class="stacktrace">com.galenframework.support.LayoutValidationException: /specs/slider5.spec, tags: [desktop]
  - &quot;s5titleh2&quot; height is 138px instead of 141px (/specs/slider5.spec:11)
  - &quot;s5titleh2&quot; is 33px top instead of 30px and -218px left instead of 80px (/specs/slider5.spec:14)
  - &quot;s5titlep-1&quot; height is 156px instead of 158px (/specs/slider5.spec:17)
  - &quot;s5titlep-1&quot; is 19px top instead of 20px (/specs/slider5.spec:20)
  - &quot;author&quot; height is 25px instead of 16px (/specs/slider5.spec:23)
  - &quot;author&quot; width is 60px instead of 62px (/specs/slider5.spec:24)
  - &quot;author&quot; is 10px top which is not in range of 15 to 19px (/specs/slider5.spec:26)
  - &quot;s5titlep-2&quot; height is 16px instead of 22px (/specs/slider5.spec:29)
  - &quot;s5titlep-2&quot; width is 185px instead of 184px (/specs/slider5.spec:30)
  - &quot;img&quot; is 265px right instead of 266px (/specs/slider5.spec:36)
  - &quot;aview&quot; is not visible on page (/specs/slider5.spec:39)
  - &quot;aview&quot; is not visible on page (/specs/slider5.spec:40)

	at com.galenframework.support.GalenJavaTestBase.checkLayout(GalenJavaTestBase.java:129)
	at com.galenframework.support.GalenJavaTestBase.checkLayout(GalenJavaTestBase.java:111)
	at com.galenframework.java.sample.tests.WelcomePageTest.slider5_shouldLookGood_onDevice(WelcomePageTest.java:132)
	at sun.reflect.NativeMethodAccessorImpl.invoke0(Native Method)
	at sun.reflect.NativeMethodAccessorImpl.invoke(Unknown Source)
	at sun.reflect.DelegatingMethodAccessorImpl.invoke(Unknown Source)
	at java.lang.reflect.Method.invoke(Unknown Source)
	at org.testng.internal.MethodInvocationHelper.invokeMethod(MethodInvocationHelper.java:124)
	at org.testng.internal.Invoker.invokeMethod(Invoker.java:583)
	at org.testng.internal.Invoker.invokeTestMethod(Invoker.java:719)
	at org.testng.internal.Invoker.invokeTestMethods(Invoker.java:989)
	at org.testng.internal.TestMethodWorker.invokeTestMethods(TestMethodWorker.java:125)
	at org.testng.internal.TestMethodWorker.run(TestMethodWorker.java:109)
	at org.testng.TestRunner.privateRun(TestRunner.java:648)
	at org.testng.TestRunner.run(TestRunner.java:505)
	at org.testng.SuiteRunner.runTest(SuiteRunner.java:455)
	at org.testng.SuiteRunner.runSequentially(SuiteRunner.java:450)
	at org.testng.SuiteRunner.privateRun(SuiteRunner.java:415)
	at org.testng.SuiteRunner.run(SuiteRunner.java:364)
	at org.testng.SuiteRunnerWorker.runSuite(SuiteRunnerWorker.java:52)
	at org.testng.SuiteRunnerWorker.run(SuiteRunnerWorker.java:84)
	at org.testng.TestNG.runSuitesSequentially(TestNG.java:1208)
	at org.testng.TestNG.runSuitesLocally(TestNG.java:1137)
	at org.testng.TestNG.runSuites(TestNG.java:1049)
	at org.testng.TestNG.run(TestNG.java:1017)
	at org.testng.remote.AbstractRemoteTestNG.run(AbstractRemoteTestNG.java:114)
	at org.testng.remote.RemoteTestNG.initAndRun(RemoteTestNG.java:251)
	at org.testng.remote.RemoteTestNG.main(RemoteTestNG.java:77)
</div></td></tr></table><p class="totop"><a href="#summary">back to summary</a></p>
<h3 id="m6">com.galenframework.java.sample.tests.WelcomePageTest#slider6_shouldLookGood_onDevice</h3><table class="result"><tr class="param"><th>Parameter #1</th></tr><tr class="param stripe"><td>desktop 1280x720</td></tr><tr><th>Exception</th></tr><tr><td><div class="stacktrace">com.galenframework.support.LayoutValidationException: /specs/slider6.spec, tags: [desktop]
  - &quot;s6titleh2-1&quot; height is 70px instead of 72px (/specs/slider6.spec:10)
  - &quot;s6titleh2-1&quot; width is 250px instead of 534px (/specs/slider6.spec:11)
  - &quot;s6titleh2-2&quot; height is 70px instead of 72px (/specs/slider6.spec:15)
  - &quot;s6titleh2-2&quot; width is 250px instead of 534px (/specs/slider6.spec:16)
  - &quot;s6titleh2-2&quot; is 242px left instead of 250px (/specs/slider6.spec:18)
  - &quot;img&quot; height is 336px instead of 340px (/specs/slider6.spec:41)
  - &quot;img&quot; width is 757px instead of 765px (/specs/slider6.spec:42)
  - &quot;img&quot; is not completely inside. The offset is 54px. (/specs/slider6.spec:43)
  - &quot;get&quot; height is 28px instead of 22px (/specs/slider6.spec:47)

	at com.galenframework.support.GalenJavaTestBase.checkLayout(GalenJavaTestBase.java:129)
	at com.galenframework.support.GalenJavaTestBase.checkLayout(GalenJavaTestBase.java:111)
	at com.galenframework.java.sample.tests.WelcomePageTest.slider6_shouldLookGood_onDevice(WelcomePageTest.java:149)
	at sun.reflect.NativeMethodAccessorImpl.invoke0(Native Method)
	at sun.reflect.NativeMethodAccessorImpl.invoke(Unknown Source)
	at sun.reflect.DelegatingMethodAccessorImpl.invoke(Unknown Source)
	at java.lang.reflect.Method.invoke(Unknown Source)
	at org.testng.internal.MethodInvocationHelper.invokeMethod(MethodInvocationHelper.java:124)
	at org.testng.internal.Invoker.invokeMethod(Invoker.java:583)
	at org.testng.internal.Invoker.invokeTestMethod(Invoker.java:719)
	at org.testng.internal.Invoker.invokeTestMethods(Invoker.java:989)
	at org.testng.internal.TestMethodWorker.invokeTestMethods(TestMethodWorker.java:125)
	at org.testng.internal.TestMethodWorker.run(TestMethodWorker.java:109)
	at org.testng.TestRunner.privateRun(TestRunner.java:648)
	at org.testng.TestRunner.run(TestRunner.java:505)
	at org.testng.SuiteRunner.runTest(SuiteRunner.java:455)
	at org.testng.SuiteRunner.runSequentially(SuiteRunner.java:450)
	at org.testng.SuiteRunner.privateRun(SuiteRunner.java:415)
	at org.testng.SuiteRunner.run(SuiteRunner.java:364)
	at org.testng.SuiteRunnerWorker.runSuite(SuiteRunnerWorker.java:52)
	at org.testng.SuiteRunnerWorker.run(SuiteRunnerWorker.java:84)
	at org.testng.TestNG.runSuitesSequentially(TestNG.java:1208)
	at org.testng.TestNG.runSuitesLocally(TestNG.java:1137)
	at org.testng.TestNG.runSuites(TestNG.java:1049)
	at org.testng.TestNG.run(TestNG.java:1017)
	at org.testng.remote.AbstractRemoteTestNG.run(AbstractRemoteTestNG.java:114)
	at org.testng.remote.RemoteTestNG.initAndRun(RemoteTestNG.java:251)
	at org.testng.remote.RemoteTestNG.main(RemoteTestNG.java:77)
</div></td></tr></table><p class="totop"><a href="#summary">back to summary</a></p>
<h3 id="m7">com.galenframework.java.sample.tests.WelcomePageTest#slider7_shouldLookGood_onDevice</h3><table class="result"><tr class="param"><th>Parameter #1</th></tr><tr class="param stripe"><td>desktop 1280x720</td></tr><tr><th>Exception</th></tr><tr><td><div class="stacktrace">com.galenframework.support.LayoutValidationException: /specs/slider7.spec, tags: [desktop]
  - &quot;s6titleh2&quot; height is 138px instead of 141px (/specs/slider7.spec:10)
  - &quot;s6titleh2&quot; is 242px left instead of 250px (/specs/slider7.spec:13)
  - &quot;s6box&quot; height is 212px instead of 210px (/specs/slider7.spec:16)
  - &quot;s6box&quot; is 227px left and 227px right instead of 235px (/specs/slider7.spec:18)
  - &quot;s6box&quot; is 27px top instead of 30px (/specs/slider7.spec:19)
  - &quot;imgbox-1&quot; width is 249px instead of 250px (/specs/slider7.spec:23)
  - &quot;imgbox-1&quot; is 16px left and 16px top and 16px bottom instead of 15px (/specs/slider7.spec:24)
  - &quot;imgbox-4&quot; is 16px top and 16px bottom instead of 15px (/specs/slider7.spec:29)
  - &quot;imgbox-7&quot; width is 249px instead of 250px (/specs/slider7.spec:34)
  - &quot;imgbox-7&quot; is 17px right and 16px top and 16px bottom instead of 15px (/specs/slider7.spec:35)
  - &quot;imgbox-7&quot; is 14px right instead of 15px (/specs/slider7.spec:36)
  - &quot;explore&quot; height is 28px instead of 22px (/specs/slider7.spec:39)
  - &quot;explore&quot; width is 217px instead of 218px (/specs/slider7.spec:40)

	at com.galenframework.support.GalenJavaTestBase.checkLayout(GalenJavaTestBase.java:129)
	at com.galenframework.support.GalenJavaTestBase.checkLayout(GalenJavaTestBase.java:111)
	at com.galenframework.java.sample.tests.WelcomePageTest.slider7_shouldLookGood_onDevice(WelcomePageTest.java:167)
	at sun.reflect.NativeMethodAccessorImpl.invoke0(Native Method)
	at sun.reflect.NativeMethodAccessorImpl.invoke(Unknown Source)
	at sun.reflect.DelegatingMethodAccessorImpl.invoke(Unknown Source)
	at java.lang.reflect.Method.invoke(Unknown Source)
	at org.testng.internal.MethodInvocationHelper.invokeMethod(MethodInvocationHelper.java:124)
	at org.testng.internal.Invoker.invokeMethod(Invoker.java:583)
	at org.testng.internal.Invoker.invokeTestMethod(Invoker.java:719)
	at org.testng.internal.Invoker.invokeTestMethods(Invoker.java:989)
	at org.testng.internal.TestMethodWorker.invokeTestMethods(TestMethodWorker.java:125)
	at org.testng.internal.TestMethodWorker.run(TestMethodWorker.java:109)
	at org.testng.TestRunner.privateRun(TestRunner.java:648)
	at org.testng.TestRunner.run(TestRunner.java:505)
	at org.testng.SuiteRunner.runTest(SuiteRunner.java:455)
	at org.testng.SuiteRunner.runSequentially(SuiteRunner.java:450)
	at org.testng.SuiteRunner.privateRun(SuiteRunner.java:415)
	at org.testng.SuiteRunner.run(SuiteRunner.java:364)
	at org.testng.SuiteRunnerWorker.runSuite(SuiteRunnerWorker.java:52)
	at org.testng.SuiteRunnerWorker.run(SuiteRunnerWorker.java:84)
	at org.testng.TestNG.runSuitesSequentially(TestNG.java:1208)
	at org.testng.TestNG.runSuitesLocally(TestNG.java:1137)
	at org.testng.TestNG.runSuites(TestNG.java:1049)
	at org.testng.TestNG.run(TestNG.java:1017)
	at org.testng.remote.AbstractRemoteTestNG.run(AbstractRemoteTestNG.java:114)
	at org.testng.remote.RemoteTestNG.initAndRun(RemoteTestNG.java:251)
	at org.testng.remote.RemoteTestNG.main(RemoteTestNG.java:77)
</div></td></tr></table><p class="totop"><a href="#summary">back to summary</a></p>
<h3 id="m8">com.galenframework.java.sample.tests.WelcomePageTest#welcomePage_shouldLookGood_onDevice</h3><table class="result"><tr class="param"><th>Parameter #1</th></tr><tr class="param stripe"><td>desktop 1280x720</td></tr><tr><th>Exception</th></tr><tr><td><div class="stacktrace">com.galenframework.support.LayoutValidationException: /specs/welcomePage.spec, tags: [desktop]
  - &quot;header-list-p-1&quot; width is 228px instead of 251px (\specs/common.spec:21)
  - &quot;header-list-p-1&quot; is 460px left instead of 428px (\specs/common.spec:23)
  - &quot;header-img-1&quot; is 40px left instead of 50px (\specs/common.spec:28)
  - &quot;header-img-3&quot; is 20px left instead of 40px (\specs/common.spec:33)
  - &quot;header-list-p-4&quot; width is 101px instead of 62px (\specs/common.spec:37)
  - &quot;header-list-p-4&quot; is 21px left instead of 40px (\specs/common.spec:38)
  - &quot;header-list-p-5&quot; width is 199px instead of 198px (\specs/common.spec:43)
  - &quot;logo-1&quot; is 45px below &quot;header-list-p-1&quot; which is not in range of 10 to 43px (\specs/common.spec:49)
  - &quot;menu-item-1&quot; height is 23px which is not in range of 14 to 18px (\specs/common.spec:59)
  - &quot;menu-item-1&quot; width is 58px instead of 65px (\specs/common.spec:60)
  - &quot;menu-item-2&quot; height is 23px which is not in range of 14 to 18px (\specs/common.spec:66)
  - &quot;menu-item-3&quot; height is 23px which is not in range of 14 to 18px (\specs/common.spec:73)
  - &quot;menu-item-3&quot; width is 105px instead of 106px (\specs/common.spec:74)
  - &quot;menu-item-4&quot; height is 23px which is not in range of 14 to 18px (\specs/common.spec:80)
  - &quot;menu-item-5&quot; height is 23px which is not in range of 14 to 18px (\specs/common.spec:87)
  - &quot;menu-item-5&quot; width is 40px instead of 41px (\specs/common.spec:88)
  - &quot;menu-item-6&quot; height is 23px which is not in range of 14 to 18px (\specs/common.spec:94)
  - &quot;slider-1&quot; height is 10px which is not in range of 0 to 4px (\specs/slider.spec:9)
  - &quot;slider-2&quot; height is 10px which is not in range of 0 to 4px (\specs/slider.spec:15)
  - &quot;slider-3&quot; height is 10px which is not in range of 0 to 4px (\specs/slider.spec:21)
  - &quot;slider-4&quot; height is 10px which is not in range of 0 to 4px (\specs/slider.spec:27)
  - &quot;slider-5&quot; height is 10px which is not in range of 0 to 4px (\specs/slider.spec:33)
  - &quot;slider-6&quot; height is 10px which is not in range of 0 to 4px (\specs/slider.spec:39)
  - &quot;slider-7&quot; height is 10px which is not in range of 0 to 4px (\specs/slider.spec:45)
  - &quot;slider-8&quot; height is 10px which is not in range of 0 to 4px (\specs/slider.spec:51)
  - &quot;slider-9&quot; height is 10px which is not in range of 0 to 4px (\specs/slider.spec:57)
  - &quot;build&quot; is absent on page (/specs/welcomePage.spec:14)
  - &quot;build&quot; is absent on page (/specs/welcomePage.spec:15)
  - &quot;build&quot; is absent on page (/specs/welcomePage.spec:16)
  - &quot;tomo&quot; is absent on page (/specs/welcomePage.spec:19)
  - &quot;tomo&quot; is absent on page (/specs/welcomePage.spec:20)
  - Cannot find locator for &quot;arrow-next&quot; in page spec (/specs/welcomePage.spec:24)
  - Cannot find locator for &quot;arrow-next&quot; in page spec (/specs/welcomePage.spec:25)
  - Cannot find locator for &quot;arrow-next&quot; in page spec (/specs/welcomePage.spec:26)
  - Cannot find locator for &quot;arrow-prev&quot; in page spec (/specs/welcomePage.spec:29)
  - Cannot find locator for &quot;arrow-prev&quot; in page spec (/specs/welcomePage.spec:30)
  - Cannot find locator for &quot;arrow-prev&quot; in page spec (/specs/welcomePage.spec:31)

	at com.galenframework.support.GalenJavaTestBase.checkLayout(GalenJavaTestBase.java:129)
	at com.galenframework.support.GalenJavaTestBase.checkLayout(GalenJavaTestBase.java:111)
	at com.galenframework.java.sample.tests.WelcomePageTest.welcomePage_shouldLookGood_onDevice(WelcomePageTest.java:32)
	at sun.reflect.NativeMethodAccessorImpl.invoke0(Native Method)
	at sun.reflect.NativeMethodAccessorImpl.invoke(Unknown Source)
	at sun.reflect.DelegatingMethodAccessorImpl.invoke(Unknown Source)
	at java.lang.reflect.Method.invoke(Unknown Source)
	at org.testng.internal.MethodInvocationHelper.invokeMethod(MethodInvocationHelper.java:124)
	at org.testng.internal.Invoker.invokeMethod(Invoker.java:583)
	at org.testng.internal.Invoker.invokeTestMethod(Invoker.java:719)
	at org.testng.internal.Invoker.invokeTestMethods(Invoker.java:989)
	at org.testng.internal.TestMethodWorker.invokeTestMethods(TestMethodWorker.java:125)
	at org.testng.internal.TestMethodWorker.run(TestMethodWorker.java:109)
	at org.testng.TestRunner.privateRun(TestRunner.java:648)
	at org.testng.TestRunner.run(TestRunner.java:505)
	at org.testng.SuiteRunner.runTest(SuiteRunner.java:455)
	at org.testng.SuiteRunner.runSequentially(SuiteRunner.java:450)
	at org.testng.SuiteRunner.privateRun(SuiteRunner.java:415)
	at org.testng.SuiteRunner.run(SuiteRunner.java:364)
	at org.testng.SuiteRunnerWorker.runSuite(SuiteRunnerWorker.java:52)
	at org.testng.SuiteRunnerWorker.run(SuiteRunnerWorker.java:84)
	at org.testng.TestNG.runSuitesSequentially(TestNG.java:1208)
	at org.testng.TestNG.runSuitesLocally(TestNG.java:1137)
	at org.testng.TestNG.runSuites(TestNG.java:1049)
	at org.testng.TestNG.run(TestNG.java:1017)
	at org.testng.remote.AbstractRemoteTestNG.run(AbstractRemoteTestNG.java:114)
	at org.testng.remote.RemoteTestNG.initAndRun(RemoteTestNG.java:251)
	at org.testng.remote.RemoteTestNG.main(RemoteTestNG.java:77)
</div></td></tr></table><p class="totop"><a href="#summary">back to summary</a></p>
</body>
</html>
